{"C:\\Users\\erali\\OneDrive\\Desktop\\family\\family-care-landing\\app\\components\\app\\OnboardingWizard.vue": {"path":"C:\\Users\\erali\\OneDrive\\Desktop\\family\\family-care-landing\\app\\components\\app\\OnboardingWizard.vue","statementMap":{"0":{"start":{"line":117,"column":13},"end":{"line":117,"column":null}},"1":{"start":{"line":119,"column":17},"end":{"line":119,"column":null}},"2":{"start":{"line":120,"column":13},"end":{"line":120,"column":null}},"3":{"start":{"line":121,"column":18},"end":{"line":121,"column":null}},"4":{"start":{"line":123,"column":20},"end":{"line":123,"column":null}},"5":{"start":{"line":124,"column":15},"end":{"line":124,"column":null}},"6":{"start":{"line":126,"column":14},"end":{"line":126,"column":null}},"7":{"start":{"line":128,"column":13},"end":{"line":137,"column":null}},"8":{"start":{"line":139,"column":23},"end":{"line":144,"column":null}},"9":{"start":{"line":146,"column":24},"end":{"line":146,"column":null}},"10":{"start":{"line":146,"column":33},"end":{"line":146,"column":85}},"11":{"start":{"line":148,"column":19},"end":{"line":159,"column":null}},"12":{"start":{"line":149,"column":2},"end":{"line":158,"column":null}},"13":{"start":{"line":150,"column":12},"end":{"line":150,"column":null}},"14":{"start":{"line":151,"column":12},"end":{"line":151,"column":null}},"15":{"start":{"line":152,"column":12},"end":{"line":152,"column":null}},"16":{"start":{"line":154,"column":6},"end":{"line":154,"column":null}},"17":{"start":{"line":154,"column":44},"end":{"line":154,"column":null}},"18":{"start":{"line":155,"column":6},"end":{"line":155,"column":null}},"19":{"start":{"line":156,"column":12},"end":{"line":156,"column":null}},"20":{"start":{"line":157,"column":13},"end":{"line":157,"column":null}},"21":{"start":{"line":162,"column":2},"end":{"line":165,"column":null}},"22":{"start":{"line":163,"column":4},"end":{"line":163,"column":null}},"23":{"start":{"line":164,"column":4},"end":{"line":164,"column":null}},"24":{"start":{"line":168,"column":2},"end":{"line":168,"column":null}},"25":{"start":{"line":169,"column":2},"end":{"line":196,"column":null}},"26":{"start":{"line":171,"column":4},"end":{"line":177,"column":null}},"27":{"start":{"line":172,"column":8},"end":{"line":176,"column":null}},"28":{"start":{"line":180,"column":4},"end":{"line":185,"column":null}},"29":{"start":{"line":181,"column":6},"end":{"line":185,"column":12}},"30":{"start":{"line":188,"column":4},"end":{"line":188,"column":null}},"31":{"start":{"line":189,"column":4},"end":{"line":189,"column":null}},"32":{"start":{"line":192,"column":4},"end":{"line":192,"column":null}},"33":{"start":{"line":195,"column":4},"end":{"line":195,"column":null}},"34":{"start":{"line":200,"column":2},"end":{"line":200,"column":null}},"35":{"start":{"line":2,"column":7},"end":{"line":2,"column":null}},"36":{"start":{"line":3,"column":9},"end":{"line":3,"column":null}},"37":{"start":{"line":5,"column":11},"end":{"line":5,"column":null}},"38":{"start":{"line":8,"column":11},"end":{"line":8,"column":38}},"39":{"start":{"line":15,"column":17},"end":{"line":15,"column":null}},"40":{"start":{"line":26,"column":17},"end":{"line":26,"column":null}},"41":{"start":{"line":37,"column":17},"end":{"line":37,"column":null}},"42":{"start":{"line":62,"column":19},"end":{"line":62,"column":null}},"43":{"start":{"line":83,"column":17},"end":{"line":83,"column":null}},"44":{"start":{"line":93,"column":11},"end":{"line":93,"column":null}},"45":{"start":{"line":2,"column":2},"end":{"line":111,"column":15}},"46":{"start":{"line":89,"column":14},"end":{"line":87,"column":65}},"47":{"start":{"line":27,"column":30},"end":{"line":27,"column":46}},"48":{"start":{"line":28,"column":30},"end":{"line":28,"column":45}},"49":{"start":{"line":30,"column":28},"end":{"line":30,"column":40}},"50":{"start":{"line":38,"column":14},"end":{"line":46,"column":44}},"51":{"start":{"line":43,"column":24},"end":{"line":43,"column":null}},"52":{"start":{"line":56,"column":30},"end":{"line":56,"column":44}},"53":{"start":{"line":60,"column":30},"end":{"line":60,"column":46}},"54":{"start":{"line":61,"column":30},"end":{"line":61,"column":51}},"55":{"start":{"line":66,"column":26},"end":{"line":66,"column":null}},"56":{"start":{"line":73,"column":26},"end":{"line":73,"column":null}},"57":{"start":{"line":94,"column":73},"end":{"line":94,"column":88}}},"fnMap":{"0":{"name":"(anonymous_0)","decl":{"start":{"line":146,"column":33},"end":{"line":146,"column":41}},"loc":{"start":{"line":146,"column":33},"end":{"line":146,"column":85}},"line":146},"1":{"name":"(anonymous_1)","decl":{"start":{"line":148,"column":28},"end":{"line":148,"column":34}},"loc":{"start":{"line":148,"column":34},"end":{"line":159,"column":1}},"line":148},"2":{"name":"handleNext","decl":{"start":{"line":161,"column":15},"end":{"line":161,"column":28}},"loc":{"start":{"line":161,"column":28},"end":{"line":197,"column":null}},"line":161},"3":{"name":"handleSkip","decl":{"start":{"line":199,"column":9},"end":{"line":199,"column":22}},"loc":{"start":{"line":199,"column":22},"end":{"line":201,"column":null}},"line":199},"4":{"name":"(anonymous_4)","decl":{"start":{"line":12,"column":8},"end":{"line":12,"column":14}},"loc":{"start":{"line":89,"column":14},"end":{"line":87,"column":65}},"line":89},"5":{"name":"(anonymous_5)","decl":{"start":{"line":27,"column":100},"end":{"line":27,"column":null}},"loc":{"start":{"line":27,"column":30},"end":{"line":27,"column":46}},"line":27},"6":{"name":"(anonymous_6)","decl":{"start":{"line":28,"column":103},"end":{"line":28,"column":null}},"loc":{"start":{"line":28,"column":30},"end":{"line":28,"column":45}},"line":28},"7":{"name":"(anonymous_7)","decl":{"start":{"line":30,"column":113},"end":{"line":30,"column":null}},"loc":{"start":{"line":30,"column":28},"end":{"line":30,"column":40}},"line":30},"8":{"name":"(anonymous_8)","decl":{"start":{"line":39,"column":44},"end":{"line":39,"column":null}},"loc":{"start":{"line":39,"column":26},"end":{"line":46,"column":44}},"line":39},"9":{"name":"(anonymous_9)","decl":{"start":{"line":43,"column":22},"end":{"line":43,"column":24}},"loc":{"start":{"line":43,"column":24},"end":{"line":43,"column":null}},"line":43},"10":{"name":"(anonymous_10)","decl":{"start":{"line":56,"column":80},"end":{"line":56,"column":null}},"loc":{"start":{"line":56,"column":30},"end":{"line":56,"column":44}},"line":56},"11":{"name":"(anonymous_11)","decl":{"start":{"line":60,"column":108},"end":{"line":60,"column":null}},"loc":{"start":{"line":60,"column":30},"end":{"line":60,"column":46}},"line":60},"12":{"name":"(anonymous_12)","decl":{"start":{"line":61,"column":87},"end":{"line":61,"column":null}},"loc":{"start":{"line":61,"column":30},"end":{"line":61,"column":51}},"line":61},"13":{"name":"(anonymous_13)","decl":{"start":{"line":66,"column":24},"end":{"line":66,"column":26}},"loc":{"start":{"line":66,"column":26},"end":{"line":66,"column":null}},"line":66},"14":{"name":"(anonymous_14)","decl":{"start":{"line":73,"column":24},"end":{"line":73,"column":26}},"loc":{"start":{"line":73,"column":26},"end":{"line":73,"column":null}},"line":73},"15":{"name":"(anonymous_15)","decl":{"start":{"line":94,"column":71},"end":{"line":94,"column":73}},"loc":{"start":{"line":94,"column":73},"end":{"line":94,"column":88}},"line":94}},"branchMap":{"0":{"loc":{"start":{"line":129,"column":13},"end":{"line":129,"column":null}},"type":"binary-expr","locations":[{"start":{"line":129,"column":13},"end":{"line":129,"column":46}},{"start":{"line":129,"column":46},"end":{"line":129,"column":null}}],"line":129},"1":{"loc":{"start":{"line":130,"column":12},"end":{"line":130,"column":null}},"type":"binary-expr","locations":[{"start":{"line":130,"column":12},"end":{"line":130,"column":44}},{"start":{"line":130,"column":44},"end":{"line":130,"column":null}}],"line":130},"2":{"loc":{"start":{"line":149,"column":2},"end":{"line":158,"column":null}},"type":"switch","locations":[{"start":{"line":150,"column":4},"end":{"line":150,"column":null}},{"start":{"line":151,"column":4},"end":{"line":151,"column":null}},{"start":{"line":152,"column":4},"end":{"line":152,"column":null}},{"start":{"line":153,"column":4},"end":{"line":155,"column":null}},{"start":{"line":156,"column":4},"end":{"line":156,"column":null}},{"start":{"line":157,"column":4},"end":{"line":157,"column":null}}],"line":149},"3":{"loc":{"start":{"line":154,"column":6},"end":{"line":154,"column":null}},"type":"if","locations":[{"start":{"line":154,"column":6},"end":{"line":154,"column":null}},{"start":{},"end":{}}],"line":154},"4":{"loc":{"start":{"line":162,"column":2},"end":{"line":165,"column":null}},"type":"if","locations":[{"start":{"line":162,"column":2},"end":{"line":165,"column":null}},{"start":{},"end":{}}],"line":162},"5":{"loc":{"start":{"line":171,"column":4},"end":{"line":177,"column":null}},"type":"if","locations":[{"start":{"line":171,"column":4},"end":{"line":177,"column":null}},{"start":{},"end":{}}],"line":171},"6":{"loc":{"start":{"line":175,"column":17},"end":{"line":175,"column":null}},"type":"binary-expr","locations":[{"start":{"line":175,"column":17},"end":{"line":175,"column":38}},{"start":{"line":175,"column":38},"end":{"line":175,"column":null}}],"line":175},"7":{"loc":{"start":{"line":180,"column":4},"end":{"line":185,"column":null}},"type":"if","locations":[{"start":{"line":180,"column":4},"end":{"line":185,"column":null}},{"start":{},"end":{}}],"line":180},"8":{"loc":{"start":{"line":180,"column":8},"end":{"line":180,"column":82}},"type":"binary-expr","locations":[{"start":{"line":180,"column":8},"end":{"line":180,"column":44}},{"start":{"line":180,"column":44},"end":{"line":180,"column":62}},{"start":{"line":180,"column":62},"end":{"line":180,"column":82}}],"line":180},"9":{"loc":{"start":{"line":184,"column":13},"end":{"line":184,"column":49}},"type":"binary-expr","locations":[{"start":{"line":184,"column":13},"end":{"line":184,"column":36}},{"start":{"line":184,"column":36},"end":{"line":184,"column":49}}],"line":184},"10":{"loc":{"start":{"line":184,"column":57},"end":{"line":184,"column":null}},"type":"binary-expr","locations":[{"start":{"line":184,"column":57},"end":{"line":184,"column":77}},{"start":{"line":184,"column":77},"end":{"line":184,"column":null}}],"line":184},"11":{"loc":{"start":{"line":14,"column":21},"end":{"line":19,"column":98}},"type":"cond-expr","locations":[{"start":{"line":14,"column":32},"end":{"line":19,"column":98}},{"start":{"line":19,"column":94},"end":{"line":19,"column":98}}],"line":14},"12":{"loc":{"start":{"line":18,"column":12},"end":{"line":18,"column":52}},"type":"binary-expr","locations":[{"start":{"line":18,"column":12},"end":{"line":18,"column":16}},{"start":{"line":18,"column":12},"end":{"line":18,"column":52}}],"line":18},"13":{"loc":{"start":{"line":18,"column":47},"end":{"line":19,"column":98}},"type":"binary-expr","locations":[{"start":{"line":18,"column":47},"end":{"line":18,"column":52}},{"start":{"line":18,"column":47},"end":{"line":19,"column":98}}],"line":18},"14":{"loc":{"start":{"line":23,"column":21},"end":{"line":30,"column":40}},"type":"cond-expr","locations":[{"start":{"line":23,"column":32},"end":{"line":30,"column":40}}],"line":23},"15":{"loc":{"start":{"line":31,"column":16},"end":{"line":24,"column":32}},"type":"binary-expr","locations":[{"start":{"line":31,"column":16},"end":{"line":31,"column":null}},{"start":{"line":31,"column":16},"end":{"line":24,"column":32}}],"line":31},"16":{"loc":{"start":{"line":24,"column":27},"end":{"line":25,"column":40}},"type":"binary-expr","locations":[{"start":{"line":24,"column":27},"end":{"line":24,"column":32}},{"start":{"line":24,"column":27},"end":{"line":25,"column":40}}],"line":24},"17":{"loc":{"start":{"line":27,"column":100},"end":{"line":27,"column":46}},"type":"binary-expr","locations":[{"start":{"line":27,"column":100},"end":{"line":27,"column":null}},{"start":{"line":27,"column":100},"end":{"line":27,"column":46}}],"line":27},"18":{"loc":{"start":{"line":28,"column":103},"end":{"line":28,"column":45}},"type":"binary-expr","locations":[{"start":{"line":28,"column":103},"end":{"line":28,"column":null}},{"start":{"line":28,"column":103},"end":{"line":28,"column":45}}],"line":28},"19":{"loc":{"start":{"line":30,"column":113},"end":{"line":30,"column":40}},"type":"binary-expr","locations":[{"start":{"line":30,"column":113},"end":{"line":30,"column":null}},{"start":{"line":30,"column":113},"end":{"line":30,"column":40}}],"line":30},"20":{"loc":{"start":{"line":34,"column":21},"end":{"line":46,"column":44}},"type":"cond-expr","locations":[{"start":{"line":34,"column":32},"end":{"line":46,"column":44}}],"line":34},"21":{"loc":{"start":{"line":49,"column":16},"end":{"line":35,"column":29}},"type":"binary-expr","locations":[{"start":{"line":49,"column":16},"end":{"line":49,"column":null}},{"start":{"line":49,"column":16},"end":{"line":35,"column":29}}],"line":49},"22":{"loc":{"start":{"line":35,"column":24},"end":{"line":36,"column":44}},"type":"binary-expr","locations":[{"start":{"line":35,"column":24},"end":{"line":35,"column":29}},{"start":{"line":35,"column":24},"end":{"line":36,"column":44}}],"line":35},"23":{"loc":{"start":{"line":52,"column":21},"end":{"line":76,"column":25}},"type":"cond-expr","locations":[{"start":{"line":52,"column":32},"end":{"line":76,"column":25}}],"line":52},"24":{"loc":{"start":{"line":53,"column":19},"end":{"line":53,"column":92}},"type":"cond-expr","locations":[{"start":{"line":53,"column":35},"end":{"line":53,"column":92}},{"start":{"line":53,"column":35},"end":{"line":53,"column":92}}],"line":53},"25":{"loc":{"start":{"line":54,"column":28},"end":{"line":76,"column":25}},"type":"cond-expr","locations":[{"start":{"line":54,"column":44},"end":{"line":58,"column":null}},{"start":{"line":58,"column":12},"end":{"line":76,"column":25}}],"line":54},"26":{"loc":{"start":{"line":57,"column":23},"end":{"line":55,"column":60}},"type":"binary-expr","locations":[{"start":{"line":57,"column":23},"end":{"line":57,"column":null}},{"start":{"line":57,"column":23},"end":{"line":55,"column":60}}],"line":57},"27":{"loc":{"start":{"line":56,"column":80},"end":{"line":56,"column":44}},"type":"binary-expr","locations":[{"start":{"line":56,"column":80},"end":{"line":56,"column":null}},{"start":{"line":56,"column":80},"end":{"line":56,"column":44}}],"line":56},"28":{"loc":{"start":{"line":78,"column":23},"end":{"line":59,"column":40}},"type":"binary-expr","locations":[{"start":{"line":78,"column":23},"end":{"line":78,"column":null}},{"start":{"line":78,"column":23},"end":{"line":59,"column":40}}],"line":78},"29":{"loc":{"start":{"line":60,"column":108},"end":{"line":60,"column":46}},"type":"binary-expr","locations":[{"start":{"line":60,"column":108},"end":{"line":60,"column":null}},{"start":{"line":60,"column":108},"end":{"line":60,"column":46}}],"line":60},"30":{"loc":{"start":{"line":61,"column":87},"end":{"line":61,"column":51}},"type":"binary-expr","locations":[{"start":{"line":61,"column":87},"end":{"line":61,"column":null}},{"start":{"line":61,"column":87},"end":{"line":61,"column":51}}],"line":61},"31":{"loc":{"start":{"line":66,"column":24},"end":{"line":66,"column":null}},"type":"binary-expr","locations":[{"start":{"line":66,"column":24},"end":{"line":66,"column":26}},{"start":{"line":66,"column":24},"end":{"line":66,"column":null}}],"line":66},"32":{"loc":{"start":{"line":73,"column":24},"end":{"line":73,"column":null}},"type":"binary-expr","locations":[{"start":{"line":73,"column":24},"end":{"line":73,"column":26}},{"start":{"line":73,"column":24},"end":{"line":73,"column":null}}],"line":73},"33":{"loc":{"start":{"line":82,"column":21},"end":{"line":87,"column":65}},"type":"cond-expr","locations":[{"start":{"line":82,"column":32},"end":{"line":87,"column":65}},{"start":{"line":87,"column":61},"end":{"line":87,"column":65}}],"line":82},"34":{"loc":{"start":{"line":86,"column":12},"end":{"line":86,"column":32}},"type":"binary-expr","locations":[{"start":{"line":86,"column":12},"end":{"line":86,"column":16}},{"start":{"line":86,"column":12},"end":{"line":86,"column":32}}],"line":86},"35":{"loc":{"start":{"line":86,"column":27},"end":{"line":87,"column":65}},"type":"binary-expr","locations":[{"start":{"line":86,"column":27},"end":{"line":86,"column":32}},{"start":{"line":86,"column":27},"end":{"line":87,"column":65}}],"line":86},"36":{"loc":{"start":{"line":94,"column":22},"end":{"line":97,"column":null}},"type":"cond-expr","locations":[{"start":{"line":94,"column":33},"end":{"line":96,"column":17}},{"start":{"line":96,"column":8},"end":{"line":97,"column":null}}],"line":94},"37":{"loc":{"start":{"line":94,"column":71},"end":{"line":94,"column":88}},"type":"binary-expr","locations":[{"start":{"line":94,"column":71},"end":{"line":94,"column":73}},{"start":{"line":94,"column":71},"end":{"line":94,"column":88}}],"line":94},"38":{"loc":{"start":{"line":100,"column":19},"end":{"line":100,"column":null}},"type":"binary-expr","locations":[{"start":{"line":100,"column":19},"end":{"line":100,"column":36}},{"start":{"line":100,"column":36},"end":{"line":100,"column":null}}],"line":100},"39":{"loc":{"start":{"line":103,"column":22},"end":{"line":103,"column":null}},"type":"cond-expr","locations":[{"start":{"line":103,"column":22},"end":{"line":103,"column":null}},{"start":{"line":103,"column":48},"end":{"line":103,"column":null}}],"line":103},"40":{"loc":{"start":{"line":104,"column":13},"end":{"line":104,"column":null}},"type":"cond-expr","locations":[{"start":{"line":104,"column":41},"end":{"line":104,"column":null}},{"start":{"line":104,"column":41},"end":{"line":104,"column":null}}],"line":104},"41":{"loc":{"start":{"line":109,"column":20},"end":{"line":111,"column":15}},"type":"cond-expr","locations":[{"start":{"line":109,"column":46},"end":{"line":111,"column":15}},{"start":{"line":111,"column":6},"end":{"line":111,"column":15}}],"line":109}},"s":{"0":0,"1":0,"2":0,"3":0,"4":0,"5":0,"6":0,"7":0,"8":0,"9":0,"10":0,"11":0,"12":0,"13":0,"14":0,"15":0,"16":0,"17":0,"18":0,"19":0,"20":0,"21":0,"22":0,"23":0,"24":0,"25":0,"26":0,"27":0,"28":0,"29":0,"30":0,"31":0,"32":0,"33":0,"34":0,"35":0,"36":0,"37":0,"38":0,"39":0,"40":0,"41":0,"42":0,"43":0,"44":0,"45":0,"46":0,"47":0,"48":0,"49":0,"50":0,"51":0,"52":0,"53":0,"54":0,"55":0,"56":0,"57":0},"f":{"0":0,"1":0,"2":0,"3":0,"4":0,"5":0,"6":0,"7":0,"8":0,"9":0,"10":0,"11":0,"12":0,"13":0,"14":0,"15":0},"b":{"0":[0,0],"1":[0,0],"2":[0,0,0,0,0,0],"3":[0,0],"4":[0,0],"5":[0,0],"6":[0,0],"7":[0,0],"8":[0,0,0],"9":[0,0],"10":[0,0],"11":[0,0],"12":[0,0],"13":[0,0],"14":[0],"15":[0,0],"16":[0,0],"17":[0,0],"18":[0,0],"19":[0,0],"20":[0],"21":[0,0],"22":[0,0],"23":[0],"24":[0,0],"25":[0,0],"26":[0,0],"27":[0,0],"28":[0,0],"29":[0,0],"30":[0,0],"31":[0,0],"32":[0,0],"33":[0,0],"34":[0,0],"35":[0,0],"36":[0,0],"37":[0,0],"38":[0,0],"39":[0,0],"40":[0,0],"41":[0,0]},"meta":{"lastBranch":42,"lastFunction":16,"lastStatement":58,"seen":{"s:117:13:117:Infinity":0,"s:119:17:119:Infinity":1,"s:120:13:120:Infinity":2,"s:121:18:121:Infinity":3,"s:123:20:123:Infinity":4,"s:124:15:124:Infinity":5,"s:126:14:126:Infinity":6,"s:128:13:137:Infinity":7,"b:129:13:129:46:129:46:129:Infinity":0,"b:130:12:130:44:130:44:130:Infinity":1,"s:139:23:144:Infinity":8,"s:146:24:146:Infinity":9,"f:146:33:146:41":0,"s:146:33:146:85":10,"s:148:19:159:Infinity":11,"f:148:28:148:34":1,"b:150:4:150:Infinity:151:4:151:Infinity:152:4:152:Infinity:153:4:155:Infinity:156:4:156:Infinity:157:4:157:Infinity":2,"s:149:2:158:Infinity":12,"s:150:12:150:Infinity":13,"s:151:12:151:Infinity":14,"s:152:12:152:Infinity":15,"b:154:6:154:Infinity:undefined:undefined:undefined:undefined":3,"s:154:6:154:Infinity":16,"s:154:44:154:Infinity":17,"s:155:6:155:Infinity":18,"s:156:12:156:Infinity":19,"s:157:13:157:Infinity":20,"f:161:15:161:28":2,"b:162:2:165:Infinity:undefined:undefined:undefined:undefined":4,"s:162:2:165:Infinity":21,"s:163:4:163:Infinity":22,"s:164:4:164:Infinity":23,"s:168:2:168:Infinity":24,"s:169:2:196:Infinity":25,"b:171:4:177:Infinity:undefined:undefined:undefined:undefined":5,"s:171:4:177:Infinity":26,"s:172:8:176:Infinity":27,"b:175:17:175:38:175:38:175:Infinity":6,"b:180:4:185:Infinity:undefined:undefined:undefined:undefined":7,"s:180:4:185:Infinity":28,"b:180:8:180:44:180:44:180:62:180:62:180:82":8,"s:181:6:185:12":29,"b:184:13:184:36:184:36:184:49":9,"b:184:57:184:77:184:77:184:Infinity":10,"s:188:4:188:Infinity":30,"s:189:4:189:Infinity":31,"s:192:4:192:Infinity":32,"s:195:4:195:Infinity":33,"f:199:9:199:22":3,"s:200:2:200:Infinity":34,"s:2:7:2:Infinity":35,"s:3:9:3:Infinity":36,"s:5:11:5:Infinity":37,"s:8:11:8:38":38,"s:15:17:15:Infinity":39,"s:26:17:26:Infinity":40,"s:37:17:37:Infinity":41,"s:62:19:62:Infinity":42,"s:83:17:83:Infinity":43,"s:93:11:93:Infinity":44,"s:2:2:111:15":45,"f:12:8:12:14":4,"s:89:14:87:65":46,"b:14:32:19:98:19:94:19:98":11,"b:18:12:18:16:18:12:18:52":12,"b:18:47:18:52:18:47:19:98":13,"b:23:32:30:40":14,"b:31:16:31:Infinity:31:16:24:32":15,"b:24:27:24:32:24:27:25:40":16,"b:27:100:27:Infinity:27:100:27:46":17,"f:27:100:27:Infinity":5,"s:27:30:27:46":47,"b:28:103:28:Infinity:28:103:28:45":18,"f:28:103:28:Infinity":6,"s:28:30:28:45":48,"b:30:113:30:Infinity:30:113:30:40":19,"f:30:113:30:Infinity":7,"s:30:28:30:40":49,"b:34:32:46:44":20,"b:49:16:49:Infinity:49:16:35:29":21,"b:35:24:35:29:35:24:36:44":22,"f:39:44:39:Infinity":8,"s:38:14:46:44":50,"f:43:22:43:24":9,"s:43:24:43:Infinity":51,"b:52:32:76:25":23,"b:53:35:53:92:53:35:53:92":24,"b:54:44:58:Infinity:58:12:76:25":25,"b:57:23:57:Infinity:57:23:55:60":26,"b:56:80:56:Infinity:56:80:56:44":27,"f:56:80:56:Infinity":10,"s:56:30:56:44":52,"b:78:23:78:Infinity:78:23:59:40":28,"b:60:108:60:Infinity:60:108:60:46":29,"f:60:108:60:Infinity":11,"s:60:30:60:46":53,"b:61:87:61:Infinity:61:87:61:51":30,"f:61:87:61:Infinity":12,"s:61:30:61:51":54,"b:66:24:66:26:66:24:66:Infinity":31,"f:66:24:66:26":13,"s:66:26:66:Infinity":55,"b:73:24:73:26:73:24:73:Infinity":32,"f:73:24:73:26":14,"s:73:26:73:Infinity":56,"b:82:32:87:65:87:61:87:65":33,"b:86:12:86:16:86:12:86:32":34,"b:86:27:86:32:86:27:87:65":35,"b:94:33:96:17:96:8:97:Infinity":36,"b:94:71:94:73:94:71:94:88":37,"f:94:71:94:73":15,"s:94:73:94:88":57,"b:100:19:100:36:100:36:100:Infinity":38,"b:103:22:103:Infinity:103:48:103:Infinity":39,"b:104:41:104:Infinity:104:41:104:Infinity":40,"b:109:46:111:15:111:6:111:15":41}}}
,"C:\\Users\\erali\\OneDrive\\Desktop\\family\\family-care-landing\\app\\components\\app\\ToastContainer.vue": {"path":"C:\\Users\\erali\\OneDrive\\Desktop\\family\\family-care-landing\\app\\components\\app\\ToastContainer.vue","statementMap":{"0":{"start":{"line":18,"column":19},"end":{"line":18,"column":null}},"1":{"start":{"line":21,"column":2},"end":{"line":21,"column":null}},"2":{"start":{"line":21,"column":26},"end":{"line":21,"column":null}},"3":{"start":{"line":22,"column":2},"end":{"line":22,"column":null}},"4":{"start":{"line":22,"column":24},"end":{"line":22,"column":null}},"5":{"start":{"line":23,"column":2},"end":{"line":23,"column":null}},"6":{"start":{"line":2,"column":2},"end":{"line":11,"column":null}},"7":{"start":{"line":5,"column":27},"end":{"line":11,"column":null}},"8":{"start":{"line":4,"column":6},"end":{"line":11,"column":null}}},"fnMap":{"0":{"name":"toastIcon","decl":{"start":{"line":20,"column":9},"end":{"line":20,"column":19}},"loc":{"start":{"line":20,"column":33},"end":{"line":24,"column":null}},"line":20},"1":{"name":"(anonymous_1)","decl":{"start":{"line":5,"column":8},"end":{"line":5,"column":15}},"loc":{"start":{"line":5,"column":27},"end":{"line":11,"column":null}},"line":5},"2":{"name":"(anonymous_2)","decl":{"start":{"line":5,"column":26},"end":{"line":5,"column":27}},"loc":{"start":{"line":5,"column":16},"end":{"line":11,"column":null}},"line":5}},"branchMap":{"0":{"loc":{"start":{"line":21,"column":2},"end":{"line":21,"column":null}},"type":"if","locations":[{"start":{"line":21,"column":2},"end":{"line":21,"column":null}},{"start":{},"end":{}}],"line":21},"1":{"loc":{"start":{"line":22,"column":2},"end":{"line":22,"column":null}},"type":"if","locations":[{"start":{"line":22,"column":2},"end":{"line":22,"column":null}},{"start":{},"end":{}}],"line":22}},"s":{"0":0,"1":0,"2":0,"3":0,"4":0,"5":0,"6":0,"7":0,"8":0},"f":{"0":0,"1":0,"2":0},"b":{"0":[0,0],"1":[0,0]},"meta":{"lastBranch":2,"lastFunction":3,"lastStatement":9,"seen":{"s:18:19:18:Infinity":0,"f:20:9:20:19":0,"b:21:2:21:Infinity:undefined:undefined:undefined:undefined":0,"s:21:2:21:Infinity":1,"s:21:26:21:Infinity":2,"b:22:2:22:Infinity:undefined:undefined:undefined:undefined":1,"s:22:2:22:Infinity":3,"s:22:24:22:Infinity":4,"s:23:2:23:Infinity":5,"s:2:2:11:Infinity":6,"f:5:8:5:15":1,"s:5:27:11:Infinity":7,"f:5:26:5:27":2,"s:4:6:11:Infinity":8}}}
,"C:\\Users\\erali\\OneDrive\\Desktop\\family\\family-care-landing\\app\\components\\app\\coordinator\\ActivityFeed.vue": {"path":"C:\\Users\\erali\\OneDrive\\Desktop\\family\\family-care-landing\\app\\components\\app\\coordinator\\ActivityFeed.vue","statementMap":{"0":{"start":{"line":2,"column":7},"end":{"line":2,"column":null}},"1":{"start":{"line":5,"column":11},"end":{"line":5,"column":null}},"2":{"start":{"line":6,"column":14},"end":{"line":6,"column":35}},"3":{"start":{"line":7,"column":14},"end":{"line":7,"column":35}},"4":{"start":{"line":2,"column":2},"end":{"line":12,"column":40}},"5":{"start":{"line":3,"column":4},"end":{"line":7,"column":54}}},"fnMap":{"0":{"name":"(anonymous_0)","decl":{"start":{"line":3,"column":29},"end":{"line":3,"column":32}},"loc":{"start":{"line":3,"column":20},"end":{"line":7,"column":54}},"line":3}},"branchMap":{"0":{"loc":{"start":{"line":4,"column":6},"end":{"line":4,"column":30}},"type":"binary-expr","locations":[{"start":{"line":4,"column":6},"end":{"line":4,"column":11}},{"start":{"line":4,"column":6},"end":{"line":4,"column":30}}],"line":4},"1":{"loc":{"start":{"line":10,"column":16},"end":{"line":12,"column":40}},"type":"cond-expr","locations":[{"start":{"line":10,"column":22},"end":{"line":12,"column":40}},{"start":{"line":12,"column":33},"end":{"line":12,"column":40}}],"line":10},"2":{"loc":{"start":{"line":12,"column":6},"end":{"line":12,"column":40}},"type":"binary-expr","locations":[{"start":{"line":12,"column":6},"end":{"line":12,"column":12}},{"start":{"line":12,"column":6},"end":{"line":12,"column":40}}],"line":12}},"s":{"0":0,"1":0,"2":0,"3":0,"4":0,"5":0},"f":{"0":0},"b":{"0":[0,0],"1":[0,0],"2":[0,0]},"meta":{"lastBranch":3,"lastFunction":1,"lastStatement":6,"seen":{"s:2:7:2:Infinity":0,"s:5:11:5:Infinity":1,"s:6:14:6:35":2,"s:7:14:7:35":3,"s:2:2:12:40":4,"f:3:29:3:32":0,"s:3:4:7:54":5,"b:4:6:4:11:4:6:4:30":0,"b:10:22:12:40:12:33:12:40":1,"b:12:6:12:12:12:6:12:40":2}}}
,"C:\\Users\\erali\\OneDrive\\Desktop\\family\\family-care-landing\\app\\components\\app\\coordinator\\DayTimeline.vue": {"path":"C:\\Users\\erali\\OneDrive\\Desktop\\family\\family-care-landing\\app\\components\\app\\coordinator\\DayTimeline.vue","statementMap":{"0":{"start":{"line":2,"column":7},"end":{"line":2,"column":null}},"1":{"start":{"line":4,"column":12},"end":{"line":4,"column":47}},"2":{"start":{"line":5,"column":11},"end":{"line":5,"column":null}},"3":{"start":{"line":10,"column":14},"end":{"line":10,"column":36}},"4":{"start":{"line":2,"column":2},"end":{"line":11,"column":78}},"5":{"start":{"line":3,"column":4},"end":{"line":11,"column":78}}},"fnMap":{"0":{"name":"(anonymous_0)","decl":{"start":{"line":3,"column":32},"end":{"line":3,"column":35}},"loc":{"start":{"line":3,"column":20},"end":{"line":11,"column":78}},"line":3}},"branchMap":{"0":{"loc":{"start":{"line":7,"column":8},"end":{"line":7,"column":37}},"type":"binary-expr","locations":[{"start":{"line":7,"column":8},"end":{"line":7,"column":13}},{"start":{"line":7,"column":8},"end":{"line":7,"column":37}}],"line":7},"1":{"loc":{"start":{"line":11,"column":20},"end":{"line":11,"column":78}},"type":"cond-expr","locations":[{"start":{"line":11,"column":25},"end":{"line":11,"column":78}},{"start":{"line":11,"column":68},"end":{"line":11,"column":78}}],"line":11}},"s":{"0":0,"1":0,"2":0,"3":0,"4":0,"5":0},"f":{"0":0},"b":{"0":[0,0],"1":[0,0]},"meta":{"lastBranch":2,"lastFunction":1,"lastStatement":6,"seen":{"s:2:7:2:Infinity":0,"s:4:12:4:47":1,"s:5:11:5:Infinity":2,"s:10:14:10:36":3,"s:2:2:11:78":4,"f:3:32:3:35":0,"s:3:4:11:78":5,"b:7:8:7:13:7:8:7:37":0,"b:11:25:11:78:11:68:11:78":1}}}
,"C:\\Users\\erali\\OneDrive\\Desktop\\family\\family-care-landing\\app\\components\\app\\shared\\AppointmentCard.vue": {"path":"C:\\Users\\erali\\OneDrive\\Desktop\\family\\family-care-landing\\app\\components\\app\\shared\\AppointmentCard.vue","statementMap":{"0":{"start":{"line":40,"column":14},"end":{"line":40,"column":null}},"1":{"start":{"line":44,"column":16},"end":{"line":44,"column":null}},"2":{"start":{"line":44,"column":31},"end":{"line":44,"column":120}},"3":{"start":{"line":45,"column":12},"end":{"line":45,"column":null}},"4":{"start":{"line":45,"column":27},"end":{"line":45,"column":80}},"5":{"start":{"line":46,"column":14},"end":{"line":46,"column":null}},"6":{"start":{"line":46,"column":29},"end":{"line":46,"column":84}},"7":{"start":{"line":48,"column":19},"end":{"line":53,"column":null}},"8":{"start":{"line":49,"column":2},"end":{"line":49,"column":null}},"9":{"start":{"line":49,"column":37},"end":{"line":49,"column":null}},"10":{"start":{"line":50,"column":14},"end":{"line":50,"column":null}},"11":{"start":{"line":51,"column":2},"end":{"line":51,"column":null}},"12":{"start":{"line":51,"column":18},"end":{"line":51,"column":null}},"13":{"start":{"line":52,"column":2},"end":{"line":52,"column":null}},"14":{"start":{"line":55,"column":20},"end":{"line":65,"column":null}},"15":{"start":{"line":56,"column":38},"end":{"line":63,"column":null}},"16":{"start":{"line":64,"column":2},"end":{"line":64,"column":null}},"17":{"start":{"line":2,"column":7},"end":{"line":2,"column":null}},"18":{"start":{"line":3,"column":9},"end":{"line":3,"column":null}},"19":{"start":{"line":4,"column":12},"end":{"line":4,"column":31}},"20":{"start":{"line":5,"column":12},"end":{"line":5,"column":33}},"21":{"start":{"line":7,"column":9},"end":{"line":7,"column":null}},"22":{"start":{"line":8,"column":10},"end":{"line":8,"column":32}},"23":{"start":{"line":9,"column":9},"end":{"line":9,"column":null}},"24":{"start":{"line":2,"column":2},"end":{"line":19,"column":52}},"25":{"start":{"line":19,"column":52},"end":{"line":19,"column":52}}},"fnMap":{"0":{"name":"(anonymous_0)","decl":{"start":{"line":44,"column":25},"end":{"line":44,"column":31}},"loc":{"start":{"line":44,"column":31},"end":{"line":44,"column":120}},"line":44},"1":{"name":"(anonymous_1)","decl":{"start":{"line":45,"column":21},"end":{"line":45,"column":27}},"loc":{"start":{"line":45,"column":27},"end":{"line":45,"column":80}},"line":45},"2":{"name":"(anonymous_2)","decl":{"start":{"line":46,"column":23},"end":{"line":46,"column":29}},"loc":{"start":{"line":46,"column":29},"end":{"line":46,"column":84}},"line":46},"3":{"name":"(anonymous_3)","decl":{"start":{"line":48,"column":28},"end":{"line":48,"column":34}},"loc":{"start":{"line":48,"column":34},"end":{"line":53,"column":1}},"line":48},"4":{"name":"(anonymous_4)","decl":{"start":{"line":55,"column":29},"end":{"line":55,"column":35}},"loc":{"start":{"line":55,"column":35},"end":{"line":65,"column":1}},"line":55},"5":{"name":"(anonymous_5)","decl":{"start":{"line":19,"column":6},"end":{"line":19,"column":12}},"loc":{"start":{"line":19,"column":52},"end":{"line":19,"column":52}},"line":19}},"branchMap":{"0":{"loc":{"start":{"line":44,"column":31},"end":{"line":44,"column":120}},"type":"binary-expr","locations":[{"start":{"line":44,"column":31},"end":{"line":44,"column":69}},{"start":{"line":44,"column":69},"end":{"line":44,"column":118}},{"start":{"line":44,"column":118},"end":{"line":44,"column":120}}],"line":44},"1":{"loc":{"start":{"line":45,"column":27},"end":{"line":45,"column":80}},"type":"cond-expr","locations":[{"start":{"line":45,"column":35},"end":{"line":45,"column":78}},{"start":{"line":45,"column":78},"end":{"line":45,"column":80}}],"line":45},"2":{"loc":{"start":{"line":46,"column":29},"end":{"line":46,"column":84}},"type":"cond-expr","locations":[{"start":{"line":46,"column":37},"end":{"line":46,"column":82}},{"start":{"line":46,"column":82},"end":{"line":46,"column":84}}],"line":46},"3":{"loc":{"start":{"line":49,"column":2},"end":{"line":49,"column":null}},"type":"if","locations":[{"start":{"line":49,"column":2},"end":{"line":49,"column":null}},{"start":{},"end":{}}],"line":49},"4":{"loc":{"start":{"line":49,"column":47},"end":{"line":49,"column":80}},"type":"binary-expr","locations":[{"start":{"line":49,"column":47},"end":{"line":49,"column":78}},{"start":{"line":49,"column":78},"end":{"line":49,"column":80}}],"line":49},"5":{"loc":{"start":{"line":51,"column":2},"end":{"line":51,"column":null}},"type":"if","locations":[{"start":{"line":51,"column":2},"end":{"line":51,"column":null}},{"start":{},"end":{}}],"line":51},"6":{"loc":{"start":{"line":64,"column":9},"end":{"line":64,"column":null}},"type":"binary-expr","locations":[{"start":{"line":64,"column":9},"end":{"line":64,"column":42}},{"start":{"line":64,"column":42},"end":{"line":64,"column":null}}],"line":64},"7":{"loc":{"start":{"line":8,"column":32},"end":{"line":8,"column":69}},"type":"binary-expr","locations":[{"start":{"line":8,"column":32},"end":{"line":8,"column":50}},{"start":{"line":8,"column":50},"end":{"line":8,"column":69}}],"line":8},"8":{"loc":{"start":{"line":12,"column":20},"end":{"line":12,"column":58}},"type":"cond-expr","locations":[{"start":{"line":12,"column":20},"end":{"line":12,"column":58}},{"start":{"line":12,"column":48},"end":{"line":12,"column":58}}],"line":12}},"s":{"0":0,"1":0,"2":0,"3":0,"4":0,"5":0,"6":0,"7":0,"8":0,"9":0,"10":0,"11":0,"12":0,"13":0,"14":0,"15":0,"16":0,"17":0,"18":0,"19":0,"20":0,"21":0,"22":0,"23":0,"24":0,"25":0},"f":{"0":0,"1":0,"2":0,"3":0,"4":0,"5":0},"b":{"0":[0,0,0],"1":[0,0],"2":[0,0],"3":[0,0],"4":[0,0],"5":[0,0],"6":[0,0],"7":[0,0],"8":[0,0]},"meta":{"lastBranch":9,"lastFunction":6,"lastStatement":26,"seen":{"s:40:14:40:Infinity":0,"s:44:16:44:Infinity":1,"f:44:25:44:31":0,"s:44:31:44:120":2,"b:44:31:44:69:44:69:44:118:44:118:44:120":0,"s:45:12:45:Infinity":3,"f:45:21:45:27":1,"s:45:27:45:80":4,"b:45:35:45:78:45:78:45:80":1,"s:46:14:46:Infinity":5,"f:46:23:46:29":2,"s:46:29:46:84":6,"b:46:37:46:82:46:82:46:84":2,"s:48:19:53:Infinity":7,"f:48:28:48:34":3,"b:49:2:49:Infinity:undefined:undefined:undefined:undefined":3,"s:49:2:49:Infinity":8,"s:49:37:49:Infinity":9,"b:49:47:49:78:49:78:49:80":4,"s:50:14:50:Infinity":10,"b:51:2:51:Infinity:undefined:undefined:undefined:undefined":5,"s:51:2:51:Infinity":11,"s:51:18:51:Infinity":12,"s:52:2:52:Infinity":13,"s:55:20:65:Infinity":14,"f:55:29:55:35":4,"s:56:38:63:Infinity":15,"s:64:2:64:Infinity":16,"b:64:9:64:42:64:42:64:Infinity":6,"s:2:7:2:Infinity":17,"s:3:9:3:Infinity":18,"s:4:12:4:31":19,"s:5:12:5:33":20,"s:7:9:7:Infinity":21,"s:8:10:8:32":22,"s:9:9:9:Infinity":23,"s:2:2:19:52":24,"b:8:32:8:50:8:50:8:69":7,"b:12:20:12:58:12:48:12:58":8,"f:19:6:19:12":5,"s:19:52:19:52":25}}}
,"C:\\Users\\erali\\OneDrive\\Desktop\\family\\family-care-landing\\app\\components\\app\\shared\\CalendarHeatmap.vue": {"path":"C:\\Users\\erali\\OneDrive\\Desktop\\family\\family-care-landing\\app\\components\\app\\shared\\CalendarHeatmap.vue","statementMap":{"0":{"start":{"line":27,"column":14},"end":{"line":27,"column":null}},"1":{"start":{"line":39,"column":18},"end":{"line":41,"column":null}},"2":{"start":{"line":39,"column":34},"end":{"line":41,"column":2}},"3":{"start":{"line":43,"column":17},"end":{"line":43,"column":null}},"4":{"start":{"line":43,"column":32},"end":{"line":43,"column":77}},"5":{"start":{"line":43,"column":65},"end":{"line":43,"column":72}},"6":{"start":{"line":46,"column":16},"end":{"line":46,"column":null}},"7":{"start":{"line":47,"column":2},"end":{"line":47,"column":null}},"8":{"start":{"line":47,"column":19},"end":{"line":47,"column":null}},"9":{"start":{"line":48,"column":18},"end":{"line":48,"column":null}},"10":{"start":{"line":49,"column":2},"end":{"line":49,"column":null}},"11":{"start":{"line":52,"column":21},"end":{"line":57,"column":null}},"12":{"start":{"line":53,"column":2},"end":{"line":56,"column":null}},"13":{"start":{"line":54,"column":20},"end":{"line":54,"column":null}},"14":{"start":{"line":55,"column":4},"end":{"line":55,"column":null}},"15":{"start":{"line":2,"column":7},"end":{"line":2,"column":null}},"16":{"start":{"line":13,"column":9},"end":{"line":13,"column":null}},"17":{"start":{"line":2,"column":2},"end":{"line":21,"column":54}},"18":{"start":{"line":5,"column":6},"end":{"line":10,"column":null}},"19":{"start":{"line":15,"column":6},"end":{"line":19,"column":null}}},"fnMap":{"0":{"name":"(anonymous_0)","decl":{"start":{"line":39,"column":27},"end":{"line":39,"column":34}},"loc":{"start":{"line":39,"column":34},"end":{"line":41,"column":2}},"line":39},"1":{"name":"(anonymous_1)","decl":{"start":{"line":43,"column":26},"end":{"line":43,"column":32}},"loc":{"start":{"line":43,"column":32},"end":{"line":43,"column":77}},"line":43},"2":{"name":"(anonymous_2)","decl":{"start":{"line":43,"column":60},"end":{"line":43,"column":65}},"loc":{"start":{"line":43,"column":65},"end":{"line":43,"column":72}},"line":43},"3":{"name":"getCellColor","decl":{"start":{"line":45,"column":9},"end":{"line":45,"column":22}},"loc":{"start":{"line":45,"column":37},"end":{"line":50,"column":null}},"line":45},"4":{"name":"(anonymous_4)","decl":{"start":{"line":52,"column":30},"end":{"line":52,"column":36}},"loc":{"start":{"line":52,"column":36},"end":{"line":57,"column":1}},"line":52},"5":{"name":"(anonymous_5)","decl":{"start":{"line":53,"column":37},"end":{"line":53,"column":42}},"loc":{"start":{"line":53,"column":42},"end":{"line":56,"column":3}},"line":53},"6":{"name":"(anonymous_6)","decl":{"start":{"line":6,"column":33},"end":{"line":6,"column":null}},"loc":{"start":{"line":6,"column":23},"end":{"line":10,"column":null}},"line":6},"7":{"name":"(anonymous_7)","decl":{"start":{"line":16,"column":41},"end":{"line":16,"column":null}},"loc":{"start":{"line":16,"column":24},"end":{"line":19,"column":null}},"line":16}},"branchMap":{"0":{"loc":{"start":{"line":47,"column":2},"end":{"line":47,"column":null}},"type":"if","locations":[{"start":{"line":47,"column":2},"end":{"line":47,"column":null}},{"start":{},"end":{}}],"line":47},"1":{"loc":{"start":{"line":3,"column":15},"end":{"line":3,"column":61}},"type":"cond-expr","locations":[{"start":{"line":3,"column":15},"end":{"line":3,"column":61}},{"start":{"line":3,"column":52},"end":{"line":3,"column":61}}],"line":3},"2":{"loc":{"start":{"line":22,"column":10},"end":{"line":14,"column":54}},"type":"binary-expr","locations":[{"start":{"line":22,"column":10},"end":{"line":22,"column":null}},{"start":{"line":22,"column":10},"end":{"line":14,"column":54}}],"line":22},"3":{"loc":{"start":{"line":21,"column":6},"end":{"line":21,"column":54}},"type":"binary-expr","locations":[{"start":{"line":21,"column":6},"end":{"line":21,"column":12}},{"start":{"line":21,"column":6},"end":{"line":21,"column":54}}],"line":21}},"s":{"0":0,"1":0,"2":0,"3":0,"4":0,"5":0,"6":0,"7":0,"8":0,"9":0,"10":0,"11":0,"12":0,"13":0,"14":0,"15":0,"16":0,"17":0,"18":0,"19":0},"f":{"0":0,"1":0,"2":0,"3":0,"4":0,"5":0,"6":0,"7":0},"b":{"0":[0,0],"1":[0,0],"2":[0,0],"3":[0,0]},"meta":{"lastBranch":4,"lastFunction":8,"lastStatement":20,"seen":{"s:27:14:27:Infinity":0,"s:39:18:41:Infinity":1,"f:39:27:39:34":0,"s:39:34:41:2":2,"s:43:17:43:Infinity":3,"f:43:26:43:32":1,"s:43:32:43:77":4,"f:43:60:43:65":2,"s:43:65:43:72":5,"f:45:9:45:22":3,"s:46:16:46:Infinity":6,"b:47:2:47:Infinity:undefined:undefined:undefined:undefined":0,"s:47:2:47:Infinity":7,"s:47:19:47:Infinity":8,"s:48:18:48:Infinity":9,"s:49:2:49:Infinity":10,"s:52:21:57:Infinity":11,"f:52:30:52:36":4,"s:53:2:56:Infinity":12,"f:53:37:53:42":5,"s:54:20:54:Infinity":13,"s:55:4:55:Infinity":14,"s:2:7:2:Infinity":15,"s:13:9:13:Infinity":16,"s:2:2:21:54":17,"b:3:15:3:61:3:52:3:61":1,"f:6:33:6:Infinity":6,"s:5:6:10:Infinity":18,"b:22:10:22:Infinity:22:10:14:54":2,"f:16:41:16:Infinity":7,"s:15:6:19:Infinity":19,"b:21:6:21:12:21:6:21:54":3}}}
,"C:\\Users\\erali\\OneDrive\\Desktop\\family\\family-care-landing\\app\\components\\app\\shared\\DoseCard.vue": {"path":"C:\\Users\\erali\\OneDrive\\Desktop\\family\\family-care-landing\\app\\components\\app\\shared\\DoseCard.vue","statementMap":{"0":{"start":{"line":37,"column":14},"end":{"line":37,"column":null}},"1":{"start":{"line":46,"column":23},"end":{"line":48,"column":null}},"2":{"start":{"line":47,"column":2},"end":{"line":47,"column":null}},"3":{"start":{"line":50,"column":22},"end":{"line":50,"column":null}},"4":{"start":{"line":50,"column":31},"end":{"line":50,"column":76}},"5":{"start":{"line":3,"column":9},"end":{"line":3,"column":null}},"6":{"start":{"line":6,"column":9},"end":{"line":6,"column":null}},"7":{"start":{"line":7,"column":10},"end":{"line":7,"column":37}},"8":{"start":{"line":8,"column":12},"end":{"line":8,"column":33}},"9":{"start":{"line":2,"column":2},"end":{"line":20,"column":44}},"10":{"start":{"line":11,"column":42},"end":{"line":11,"column":null}},"11":{"start":{"line":15,"column":44},"end":{"line":15,"column":68}}},"fnMap":{"0":{"name":"(anonymous_0)","decl":{"start":{"line":46,"column":32},"end":{"line":46,"column":38}},"loc":{"start":{"line":46,"column":38},"end":{"line":48,"column":1}},"line":46},"1":{"name":"(anonymous_1)","decl":{"start":{"line":50,"column":31},"end":{"line":50,"column":37}},"loc":{"start":{"line":50,"column":31},"end":{"line":50,"column":76}},"line":50},"2":{"name":"(anonymous_2)","decl":{"start":{"line":11,"column":40},"end":{"line":11,"column":42}},"loc":{"start":{"line":11,"column":42},"end":{"line":11,"column":null}},"line":11},"3":{"name":"(anonymous_3)","decl":{"start":{"line":15,"column":42},"end":{"line":15,"column":44}},"loc":{"start":{"line":15,"column":44},"end":{"line":15,"column":68}},"line":15}},"branchMap":{"0":{"loc":{"start":{"line":47,"column":9},"end":{"line":47,"column":null}},"type":"binary-expr","locations":[{"start":{"line":47,"column":9},"end":{"line":47,"column":48}},{"start":{"line":47,"column":48},"end":{"line":47,"column":null}}],"line":47},"1":{"loc":{"start":{"line":10,"column":15},"end":{"line":20,"column":44}},"type":"cond-expr","locations":[{"start":{"line":10,"column":26},"end":{"line":17,"column":15}},{"start":{"line":17,"column":6},"end":{"line":20,"column":44}}],"line":10},"2":{"loc":{"start":{"line":11,"column":40},"end":{"line":11,"column":null}},"type":"binary-expr","locations":[{"start":{"line":11,"column":40},"end":{"line":11,"column":42}},{"start":{"line":11,"column":40},"end":{"line":11,"column":null}}],"line":11},"3":{"loc":{"start":{"line":15,"column":42},"end":{"line":15,"column":68}},"type":"binary-expr","locations":[{"start":{"line":15,"column":42},"end":{"line":15,"column":44}},{"start":{"line":15,"column":42},"end":{"line":15,"column":68}}],"line":15}},"s":{"0":0,"1":0,"2":0,"3":0,"4":0,"5":0,"6":0,"7":0,"8":0,"9":0,"10":0,"11":0},"f":{"0":0,"1":0,"2":0,"3":0},"b":{"0":[0,0],"1":[0,0],"2":[0,0],"3":[0,0]},"meta":{"lastBranch":4,"lastFunction":4,"lastStatement":12,"seen":{"s:37:14:37:Infinity":0,"s:46:23:48:Infinity":1,"f:46:32:46:38":0,"s:47:2:47:Infinity":2,"b:47:9:47:48:47:48:47:Infinity":0,"s:50:22:50:Infinity":3,"f:50:31:50:37":1,"s:50:31:50:76":4,"s:3:9:3:Infinity":5,"s:6:9:6:Infinity":6,"s:7:10:7:37":7,"s:8:12:8:33":8,"s:2:2:20:44":9,"b:10:26:17:15:17:6:20:44":1,"b:11:40:11:42:11:40:11:Infinity":2,"f:11:40:11:42":2,"s:11:42:11:Infinity":10,"b:15:42:15:44:15:42:15:68":3,"f:15:42:15:44":3,"s:15:44:15:68":11}}}
,"C:\\Users\\erali\\OneDrive\\Desktop\\family\\family-care-landing\\app\\components\\app\\shared\\EChart.vue": {"path":"C:\\Users\\erali\\OneDrive\\Desktop\\family\\family-care-landing\\app\\components\\app\\shared\\EChart.vue","statementMap":{"0":{"start":{"line":8,"column":14},"end":{"line":8,"column":null}},"1":{"start":{"line":17,"column":17},"end":{"line":17,"column":null}},"2":{"start":{"line":18,"column":17},"end":{"line":18,"column":null}},"3":{"start":{"line":20,"column":20},"end":{"line":29,"column":null}},"4":{"start":{"line":32,"column":2},"end":{"line":37,"column":null}},"5":{"start":{"line":40,"column":0},"end":{"line":49,"column":null}},"6":{"start":{"line":41,"column":2},"end":{"line":41,"column":null}},"7":{"start":{"line":41,"column":23},"end":{"line":41,"column":null}},"8":{"start":{"line":42,"column":32},"end":{"line":42,"column":null}},"9":{"start":{"line":43,"column":2},"end":{"line":43,"column":null}},"10":{"start":{"line":44,"column":2},"end":{"line":44,"column":null}},"11":{"start":{"line":46,"column":2},"end":{"line":48,"column":null}},"12":{"start":{"line":47,"column":4},"end":{"line":47,"column":null}},"13":{"start":{"line":52,"column":2},"end":{"line":52,"column":null}},"14":{"start":{"line":55,"column":0},"end":{"line":57,"column":null}},"15":{"start":{"line":55,"column":12},"end":{"line":55,"column":26}},"16":{"start":{"line":56,"column":2},"end":{"line":56,"column":null}},"17":{"start":{"line":59,"column":0},"end":{"line":63,"column":null}},"18":{"start":{"line":60,"column":2},"end":{"line":60,"column":null}},"19":{"start":{"line":61,"column":2},"end":{"line":61,"column":null}},"20":{"start":{"line":62,"column":2},"end":{"line":62,"column":null}},"21":{"start":{"line":2,"column":2},"end":{"line":2,"column":120}}},"fnMap":{"0":{"name":"mergeTheme","decl":{"start":{"line":31,"column":9},"end":{"line":31,"column":20}},"loc":{"start":{"line":31,"column":55},"end":{"line":38,"column":null}},"line":31},"1":{"name":"(anonymous_1)","decl":{"start":{"line":40,"column":10},"end":{"line":40,"column":22}},"loc":{"start":{"line":40,"column":22},"end":{"line":49,"column":1}},"line":40},"2":{"name":"handleResize","decl":{"start":{"line":51,"column":9},"end":{"line":51,"column":24}},"loc":{"start":{"line":51,"column":24},"end":{"line":53,"column":null}},"line":51},"3":{"name":"(anonymous_3)","decl":{"start":{"line":55,"column":6},"end":{"line":55,"column":12}},"loc":{"start":{"line":55,"column":12},"end":{"line":55,"column":26}},"line":55},"4":{"name":"(anonymous_4)","decl":{"start":{"line":55,"column":26},"end":{"line":55,"column":27}},"loc":{"start":{"line":55,"column":35},"end":{"line":57,"column":3}},"line":55},"5":{"name":"(anonymous_5)","decl":{"start":{"line":59,"column":12},"end":{"line":59,"column":18}},"loc":{"start":{"line":59,"column":18},"end":{"line":63,"column":1}},"line":59}},"branchMap":{"0":{"loc":{"start":{"line":35,"column":47},"end":{"line":35,"column":95}},"type":"binary-expr","locations":[{"start":{"line":35,"column":47},"end":{"line":35,"column":91}},{"start":{"line":35,"column":91},"end":{"line":35,"column":95}}],"line":35},"1":{"loc":{"start":{"line":36,"column":78},"end":{"line":36,"column":121}},"type":"binary-expr","locations":[{"start":{"line":36,"column":78},"end":{"line":36,"column":117}},{"start":{"line":36,"column":117},"end":{"line":36,"column":121}}],"line":36},"2":{"loc":{"start":{"line":41,"column":2},"end":{"line":41,"column":null}},"type":"if","locations":[{"start":{"line":41,"column":2},"end":{"line":41,"column":null}},{"start":{},"end":{}}],"line":41},"3":{"loc":{"start":{"line":46,"column":2},"end":{"line":48,"column":null}},"type":"if","locations":[{"start":{"line":46,"column":2},"end":{"line":48,"column":null}},{"start":{},"end":{}}],"line":46},"4":{"loc":{"start":{"line":2,"column":51},"end":{"line":2,"column":114}},"type":"cond-expr","locations":[{"start":{"line":2,"column":76},"end":{"line":2,"column":108}},{"start":{"line":2,"column":108},"end":{"line":2,"column":114}}],"line":2}},"s":{"0":0,"1":0,"2":0,"3":0,"4":0,"5":0,"6":0,"7":0,"8":0,"9":0,"10":0,"11":0,"12":0,"13":0,"14":0,"15":0,"16":0,"17":0,"18":0,"19":0,"20":0,"21":0},"f":{"0":0,"1":0,"2":0,"3":0,"4":0,"5":0},"b":{"0":[0,0],"1":[0,0],"2":[0,0],"3":[0,0],"4":[0,0]},"meta":{"lastBranch":5,"lastFunction":6,"lastStatement":22,"seen":{"s:8:14:8:Infinity":0,"s:17:17:17:Infinity":1,"s:18:17:18:Infinity":2,"s:20:20:29:Infinity":3,"f:31:9:31:20":0,"s:32:2:37:Infinity":4,"b:35:47:35:91:35:91:35:95":0,"b:36:78:36:117:36:117:36:121":1,"s:40:0:49:Infinity":5,"f:40:10:40:22":1,"b:41:2:41:Infinity:undefined:undefined:undefined:undefined":2,"s:41:2:41:Infinity":6,"s:41:23:41:Infinity":7,"s:42:32:42:Infinity":8,"s:43:2:43:Infinity":9,"s:44:2:44:Infinity":10,"b:46:2:48:Infinity:undefined:undefined:undefined:undefined":3,"s:46:2:48:Infinity":11,"s:47:4:47:Infinity":12,"f:51:9:51:24":2,"s:52:2:52:Infinity":13,"s:55:0:57:Infinity":14,"f:55:6:55:12":3,"s:55:12:55:26":15,"f:55:26:55:27":4,"s:56:2:56:Infinity":16,"s:59:0:63:Infinity":17,"f:59:12:59:18":5,"s:60:2:60:Infinity":18,"s:61:2:61:Infinity":19,"s:62:2:62:Infinity":20,"s:2:2:2:120":21,"b:2:76:2:108:2:108:2:114":4}}}
,"C:\\Users\\erali\\OneDrive\\Desktop\\family\\family-care-landing\\app\\components\\app\\shared\\EmptyState.vue": {"path":"C:\\Users\\erali\\OneDrive\\Desktop\\family\\family-care-landing\\app\\components\\app\\shared\\EmptyState.vue","statementMap":{"0":{"start":{"line":38,"column":6},"end":{"line":40,"column":null}},"1":{"start":{"line":39,"column":2},"end":{"line":39,"column":null}},"2":{"start":{"line":39,"column":48},"end":{"line":39,"column":null}},"3":{"start":{"line":42,"column":14},"end":{"line":42,"column":null}},"4":{"start":{"line":57,"column":48},"end":{"line":78,"column":null}},"5":{"start":{"line":80,"column":6},"end":{"line":80,"column":null}},"6":{"start":{"line":80,"column":37},"end":{"line":80,"column":81}},"7":{"start":{"line":5,"column":10},"end":{"line":5,"column":41}},"8":{"start":{"line":9,"column":14},"end":{"line":9,"column":null}},"9":{"start":{"line":11,"column":11},"end":{"line":11,"column":null}},"10":{"start":{"line":21,"column":13},"end":{"line":21,"column":null}},"11":{"start":{"line":26,"column":8},"end":{"line":26,"column":37}},"12":{"start":{"line":23,"column":14},"end":{"line":22,"column":42}},"13":{"start":{"line":19,"column":12},"end":{"line":17,"column":null}},"14":{"start":{"line":28,"column":84},"end":{"line":28,"column":null}}},"fnMap":{"0":{"name":"(anonymous_0)","decl":{"start":{"line":38,"column":42},"end":{"line":38,"column":null}},"loc":{"start":{"line":39,"column":2},"end":{"line":39,"column":null}},"line":39},"1":{"name":"(anonymous_1)","decl":{"start":{"line":39,"column":48},"end":{"line":39,"column":null}},"loc":{"start":{"line":39,"column":48},"end":{"line":39,"column":null}},"line":39},"2":{"name":"(anonymous_2)","decl":{"start":{"line":80,"column":31},"end":{"line":80,"column":37}},"loc":{"start":{"line":80,"column":37},"end":{"line":80,"column":81}},"line":80},"3":{"name":"(anonymous_3)","decl":{"start":{"line":21,"column":8},"end":{"line":21,"column":13}},"loc":{"start":{"line":23,"column":14},"end":{"line":22,"column":42}},"line":23},"4":{"name":"(anonymous_4)","decl":{"start":{"line":11,"column":6},"end":{"line":11,"column":11}},"loc":{"start":{"line":19,"column":12},"end":{"line":17,"column":null}},"line":19},"5":{"name":"(anonymous_5)","decl":{"start":{"line":28,"column":82},"end":{"line":28,"column":84}},"loc":{"start":{"line":28,"column":84},"end":{"line":28,"column":null}},"line":28}},"branchMap":{"0":{"loc":{"start":{"line":80,"column":37},"end":{"line":80,"column":81}},"type":"binary-expr","locations":[{"start":{"line":80,"column":37},"end":{"line":80,"column":68}},{"start":{"line":80,"column":68},"end":{"line":80,"column":81}}],"line":80},"1":{"loc":{"start":{"line":3,"column":13},"end":{"line":30,"column":null}},"type":"cond-expr","locations":[{"start":{"line":3,"column":17},"end":{"line":5,"column":56}},{"start":{"line":5,"column":46},"end":{"line":30,"column":null}}],"line":3},"2":{"loc":{"start":{"line":27,"column":13},"end":{"line":27,"column":79}},"type":"cond-expr","locations":[{"start":{"line":27,"column":13},"end":{"line":27,"column":79}},{"start":{"line":27,"column":72},"end":{"line":27,"column":79}}],"line":27},"3":{"loc":{"start":{"line":28,"column":18},"end":{"line":30,"column":null}},"type":"cond-expr","locations":[{"start":{"line":28,"column":18},"end":{"line":30,"column":null}},{"start":{"line":30,"column":20},"end":{"line":30,"column":null}}],"line":28},"4":{"loc":{"start":{"line":28,"column":82},"end":{"line":28,"column":null}},"type":"binary-expr","locations":[{"start":{"line":28,"column":82},"end":{"line":28,"column":84}},{"start":{"line":28,"column":82},"end":{"line":28,"column":null}}],"line":28},"5":{"loc":{"start":{"line":29,"column":18},"end":{"line":29,"column":61}},"type":"cond-expr","locations":[{"start":{"line":29,"column":18},"end":{"line":29,"column":61}},{"start":{"line":29,"column":54},"end":{"line":29,"column":61}}],"line":29}},"s":{"0":0,"1":0,"2":0,"3":0,"4":0,"5":0,"6":0,"7":0,"8":0,"9":0,"10":0,"11":0,"12":0,"13":0,"14":0},"f":{"0":0,"1":0,"2":0,"3":0,"4":0,"5":0},"b":{"0":[0,0],"1":[0,0],"2":[0,0],"3":[0,0],"4":[0,0],"5":[0,0]},"meta":{"lastBranch":6,"lastFunction":6,"lastStatement":15,"seen":{"s:38:6:40:Infinity":0,"f:38:42:38:Infinity":0,"s:39:2:39:Infinity":1,"f:39:48:39:Infinity":1,"s:39:48:39:Infinity":2,"s:42:14:42:Infinity":3,"s:57:48:78:Infinity":4,"s:80:6:80:Infinity":5,"f:80:31:80:37":2,"s:80:37:80:81":6,"b:80:37:80:68:80:68:80:81":0,"s:5:10:5:41":7,"s:9:14:9:Infinity":8,"s:11:11:11:Infinity":9,"s:21:13:21:Infinity":10,"s:26:8:26:37":11,"b:3:17:5:56:5:46:30:Infinity":1,"f:21:8:21:13":3,"s:23:14:22:42":12,"f:11:6:11:11":4,"s:19:12:17:Infinity":13,"b:27:13:27:79:27:72:27:79":2,"b:28:18:30:Infinity:30:20:30:Infinity":3,"b:28:82:28:84:28:82:28:Infinity":4,"f:28:82:28:84":5,"s:28:84:28:Infinity":14,"b:29:18:29:61:29:54:29:61":5}}}
,"C:\\Users\\erali\\OneDrive\\Desktop\\family\\family-care-landing\\app\\components\\app\\shared\\EventCard.vue": {"path":"C:\\Users\\erali\\OneDrive\\Desktop\\family\\family-care-landing\\app\\components\\app\\shared\\EventCard.vue","statementMap":{"0":{"start":{"line":31,"column":14},"end":{"line":31,"column":null}},"1":{"start":{"line":41,"column":23},"end":{"line":51,"column":null}},"2":{"start":{"line":42,"column":38},"end":{"line":49,"column":null}},"3":{"start":{"line":50,"column":2},"end":{"line":50,"column":null}},"4":{"start":{"line":4,"column":9},"end":{"line":4,"column":null}},"5":{"start":{"line":5,"column":12},"end":{"line":5,"column":40}},"6":{"start":{"line":6,"column":10},"end":{"line":6,"column":33}},"7":{"start":{"line":2,"column":2},"end":{"line":22,"column":44}},"8":{"start":{"line":14,"column":72},"end":{"line":14,"column":null}},"9":{"start":{"line":17,"column":69},"end":{"line":17,"column":null}}},"fnMap":{"0":{"name":"(anonymous_0)","decl":{"start":{"line":41,"column":32},"end":{"line":41,"column":38}},"loc":{"start":{"line":41,"column":38},"end":{"line":51,"column":1}},"line":41},"1":{"name":"(anonymous_1)","decl":{"start":{"line":14,"column":70},"end":{"line":14,"column":72}},"loc":{"start":{"line":14,"column":72},"end":{"line":14,"column":null}},"line":14},"2":{"name":"(anonymous_2)","decl":{"start":{"line":17,"column":67},"end":{"line":17,"column":69}},"loc":{"start":{"line":17,"column":69},"end":{"line":17,"column":null}},"line":17}},"branchMap":{"0":{"loc":{"start":{"line":50,"column":9},"end":{"line":50,"column":null}},"type":"binary-expr","locations":[{"start":{"line":50,"column":9},"end":{"line":50,"column":34}},{"start":{"line":50,"column":34},"end":{"line":50,"column":null}}],"line":50},"1":{"loc":{"start":{"line":3,"column":4},"end":{"line":3,"column":36}},"type":"binary-expr","locations":[{"start":{"line":3,"column":4},"end":{"line":3,"column":9}},{"start":{"line":3,"column":4},"end":{"line":3,"column":36}}],"line":3},"2":{"loc":{"start":{"line":7,"column":15},"end":{"line":7,"column":80}},"type":"cond-expr","locations":[{"start":{"line":7,"column":21},"end":{"line":7,"column":80}},{"start":{"line":7,"column":73},"end":{"line":7,"column":80}}],"line":7},"3":{"loc":{"start":{"line":8,"column":18},"end":{"line":10,"column":null}},"type":"cond-expr","locations":[{"start":{"line":8,"column":24},"end":{"line":10,"column":null}},{"start":{"line":10,"column":36},"end":{"line":10,"column":null}}],"line":8},"4":{"loc":{"start":{"line":13,"column":15},"end":{"line":22,"column":44}},"type":"cond-expr","locations":[{"start":{"line":13,"column":53},"end":{"line":21,"column":26}},{"start":{"line":21,"column":20},"end":{"line":22,"column":44}}],"line":13},"5":{"loc":{"start":{"line":13,"column":15},"end":{"line":13,"column":71}},"type":"binary-expr","locations":[{"start":{"line":13,"column":15},"end":{"line":13,"column":41}},{"start":{"line":13,"column":41},"end":{"line":13,"column":71}}],"line":13},"6":{"loc":{"start":{"line":14,"column":70},"end":{"line":14,"column":null}},"type":"binary-expr","locations":[{"start":{"line":14,"column":70},"end":{"line":14,"column":72}},{"start":{"line":14,"column":70},"end":{"line":14,"column":null}}],"line":14},"7":{"loc":{"start":{"line":17,"column":67},"end":{"line":17,"column":null}},"type":"binary-expr","locations":[{"start":{"line":17,"column":67},"end":{"line":17,"column":69}},{"start":{"line":17,"column":67},"end":{"line":17,"column":null}}],"line":17},"8":{"loc":{"start":{"line":21,"column":20},"end":{"line":22,"column":44}},"type":"cond-expr","locations":[{"start":{"line":21,"column":32},"end":{"line":22,"column":44}}],"line":21}},"s":{"0":0,"1":0,"2":0,"3":0,"4":0,"5":0,"6":0,"7":0,"8":0,"9":0},"f":{"0":0,"1":0,"2":0},"b":{"0":[0,0],"1":[0,0],"2":[0,0],"3":[0,0],"4":[0,0],"5":[0,0],"6":[0,0],"7":[0,0],"8":[0]},"meta":{"lastBranch":9,"lastFunction":3,"lastStatement":10,"seen":{"s:31:14:31:Infinity":0,"s:41:23:51:Infinity":1,"f:41:32:41:38":0,"s:42:38:49:Infinity":2,"s:50:2:50:Infinity":3,"b:50:9:50:34:50:34:50:Infinity":0,"s:4:9:4:Infinity":4,"s:5:12:5:40":5,"s:6:10:6:33":6,"s:2:2:22:44":7,"b:3:4:3:9:3:4:3:36":1,"b:7:21:7:80:7:73:7:80":2,"b:8:24:10:Infinity:10:36:10:Infinity":3,"b:13:53:21:26:21:20:22:44":4,"b:13:15:13:41:13:41:13:71":5,"b:14:70:14:72:14:70:14:Infinity":6,"f:14:70:14:72":1,"s:14:72:14:Infinity":8,"b:17:67:17:69:17:67:17:Infinity":7,"f:17:67:17:69":2,"s:17:69:17:Infinity":9,"b:21:32:22:44":8}}}
,"C:\\Users\\erali\\OneDrive\\Desktop\\family\\family-care-landing\\app\\components\\app\\shared\\PageHeader.vue": {"path":"C:\\Users\\erali\\OneDrive\\Desktop\\family\\family-care-landing\\app\\components\\app\\shared\\PageHeader.vue","statementMap":{"0":{"start":{"line":2,"column":7},"end":{"line":2,"column":null}},"1":{"start":{"line":3,"column":9},"end":{"line":3,"column":null}},"2":{"start":{"line":12,"column":12},"end":{"line":12,"column":34}},"3":{"start":{"line":2,"column":2},"end":{"line":16,"column":null}},"4":{"start":{"line":7,"column":94},"end":{"line":7,"column":94}}},"fnMap":{"0":{"name":"(anonymous_0)","decl":{"start":{"line":6,"column":52},"end":{"line":6,"column":60}},"loc":{"start":{"line":6,"column":36},"end":{"line":9,"column":115}},"line":6},"1":{"name":"(anonymous_1)","decl":{"start":{"line":7,"column":77},"end":{"line":7,"column":80}},"loc":{"start":{"line":7,"column":94},"end":{"line":7,"column":94}},"line":7}},"branchMap":{"0":{"loc":{"start":{"line":5,"column":19},"end":{"line":9,"column":115}},"type":"cond-expr","locations":[{"start":{"line":5,"column":31},"end":{"line":9,"column":115}}],"line":5},"1":{"loc":{"start":{"line":7,"column":28},"end":{"line":8,"column":76}},"type":"cond-expr","locations":[{"start":{"line":7,"column":34},"end":{"line":8,"column":25}},{"start":{"line":8,"column":12},"end":{"line":8,"column":76}}],"line":7},"2":{"loc":{"start":{"line":9,"column":24},"end":{"line":9,"column":115}},"type":"cond-expr","locations":[{"start":{"line":9,"column":46},"end":{"line":9,"column":115}},{"start":{"line":9,"column":96},"end":{"line":9,"column":115}}],"line":9},"3":{"loc":{"start":{"line":13,"column":17},"end":{"line":13,"column":76}},"type":"cond-expr","locations":[{"start":{"line":13,"column":17},"end":{"line":13,"column":76}},{"start":{"line":13,"column":69},"end":{"line":13,"column":76}}],"line":13},"4":{"loc":{"start":{"line":15,"column":17},"end":{"line":16,"column":null}},"type":"cond-expr","locations":[{"start":{"line":15,"column":24},"end":{"line":16,"column":null}},{"start":{"line":16,"column":31},"end":{"line":16,"column":null}}],"line":15}},"s":{"0":0,"1":0,"2":0,"3":0,"4":0},"f":{"0":0,"1":0},"b":{"0":[0],"1":[0,0],"2":[0,0],"3":[0,0],"4":[0,0]},"meta":{"lastBranch":5,"lastFunction":2,"lastStatement":5,"seen":{"s:2:7:2:Infinity":0,"s:3:9:3:Infinity":1,"s:12:12:12:34":2,"s:2:2:16:Infinity":3,"b:5:31:9:115":0,"f:6:52:6:60":0,"b:7:34:8:25:8:12:8:76":1,"f:7:77:7:80":1,"s:7:94:7:94":4,"b:9:46:9:115:9:96:9:115":2,"b:13:17:13:76:13:69:13:76":3,"b:15:24:16:Infinity:16:31:16:Infinity":4}}}
,"C:\\Users\\erali\\OneDrive\\Desktop\\family\\family-care-landing\\app\\components\\app\\shared\\ProgressRing.vue": {"path":"C:\\Users\\erali\\OneDrive\\Desktop\\family\\family-care-landing\\app\\components\\app\\shared\\ProgressRing.vue","statementMap":{"0":{"start":{"line":71,"column":19},"end":{"line":71,"column":null}},"1":{"start":{"line":46,"column":14},"end":{"line":46,"column":null}},"2":{"start":{"line":64,"column":12},"end":{"line":64,"column":null}},"3":{"start":{"line":65,"column":19},"end":{"line":65,"column":null}},"4":{"start":{"line":66,"column":28},"end":{"line":66,"column":null}},"5":{"start":{"line":66,"column":43},"end":{"line":66,"column":64}},"6":{"start":{"line":68,"column":15},"end":{"line":68,"column":null}},"7":{"start":{"line":68,"column":30},"end":{"line":68,"column":44}},"8":{"start":{"line":69,"column":15},"end":{"line":69,"column":null}},"9":{"start":{"line":69,"column":24},"end":{"line":69,"column":66}},"10":{"start":{"line":70,"column":22},"end":{"line":70,"column":null}},"11":{"start":{"line":70,"column":37},"end":{"line":70,"column":63}},"12":{"start":{"line":73,"column":51},"end":{"line":79,"column":null}},"13":{"start":{"line":81,"column":19},"end":{"line":81,"column":null}},"14":{"start":{"line":81,"column":34},"end":{"line":81,"column":75}},"15":{"start":{"line":82,"column":17},"end":{"line":82,"column":null}},"16":{"start":{"line":82,"column":32},"end":{"line":82,"column":73}},"17":{"start":{"line":84,"column":24},"end":{"line":84,"column":null}},"18":{"start":{"line":85,"column":23},"end":{"line":85,"column":null}},"19":{"start":{"line":85,"column":38},"end":{"line":85,"column":71}},"20":{"start":{"line":87,"column":19},"end":{"line":90,"column":null}},"21":{"start":{"line":88,"column":12},"end":{"line":88,"column":null}},"22":{"start":{"line":89,"column":2},"end":{"line":89,"column":null}},"23":{"start":{"line":93,"column":0},"end":{"line":107,"column":null}},"24":{"start":{"line":94,"column":2},"end":{"line":94,"column":null}},"25":{"start":{"line":94,"column":22},"end":{"line":94,"column":null}},"26":{"start":{"line":95,"column":16},"end":{"line":95,"column":null}},"27":{"start":{"line":96,"column":17},"end":{"line":96,"column":null}},"28":{"start":{"line":98,"column":20},"end":{"line":98,"column":null}},"29":{"start":{"line":99,"column":21},"end":{"line":99,"column":null}},"30":{"start":{"line":100,"column":18},"end":{"line":100,"column":null}},"31":{"start":{"line":101,"column":4},"end":{"line":101,"column":null}},"32":{"start":{"line":102,"column":4},"end":{"line":104,"column":null}},"33":{"start":{"line":103,"column":6},"end":{"line":103,"column":null}},"34":{"start":{"line":106,"column":2},"end":{"line":106,"column":null}},"35":{"start":{"line":109,"column":0},"end":{"line":109,"column":null}},"36":{"start":{"line":109,"column":20},"end":{"line":109,"column":59}},"37":{"start":{"line":109,"column":31},"end":{"line":109,"column":59}},"38":{"start":{"line":111,"column":0},"end":{"line":111,"column":null}},"39":{"start":{"line":111,"column":12},"end":{"line":111,"column":25}},"40":{"start":{"line":111,"column":34},"end":{"line":111,"column":60}},"41":{"start":{"line":38,"column":9},"end":{"line":38,"column":null}},"42":{"start":{"line":39,"column":12},"end":{"line":39,"column":59}},"43":{"start":{"line":2,"column":2},"end":{"line":40,"column":80}}},"fnMap":{"0":{"name":"(anonymous_0)","decl":{"start":{"line":66,"column":37},"end":{"line":66,"column":43}},"loc":{"start":{"line":66,"column":43},"end":{"line":66,"column":64}},"line":66},"1":{"name":"(anonymous_1)","decl":{"start":{"line":68,"column":24},"end":{"line":68,"column":30}},"loc":{"start":{"line":68,"column":30},"end":{"line":68,"column":44}},"line":68},"2":{"name":"(anonymous_2)","decl":{"start":{"line":69,"column":24},"end":{"line":69,"column":31}},"loc":{"start":{"line":69,"column":24},"end":{"line":69,"column":66}},"line":69},"3":{"name":"(anonymous_3)","decl":{"start":{"line":70,"column":31},"end":{"line":70,"column":37}},"loc":{"start":{"line":70,"column":37},"end":{"line":70,"column":63}},"line":70},"4":{"name":"(anonymous_4)","decl":{"start":{"line":81,"column":28},"end":{"line":81,"column":34}},"loc":{"start":{"line":81,"column":34},"end":{"line":81,"column":75}},"line":81},"5":{"name":"(anonymous_5)","decl":{"start":{"line":82,"column":26},"end":{"line":82,"column":32}},"loc":{"start":{"line":82,"column":32},"end":{"line":82,"column":73}},"line":82},"6":{"name":"(anonymous_6)","decl":{"start":{"line":85,"column":32},"end":{"line":85,"column":38}},"loc":{"start":{"line":85,"column":38},"end":{"line":85,"column":71}},"line":85},"7":{"name":"(anonymous_7)","decl":{"start":{"line":87,"column":28},"end":{"line":87,"column":34}},"loc":{"start":{"line":87,"column":34},"end":{"line":90,"column":1}},"line":87},"8":{"name":"(anonymous_8)","decl":{"start":{"line":93,"column":10},"end":{"line":93,"column":16}},"loc":{"start":{"line":93,"column":16},"end":{"line":107,"column":1}},"line":93},"9":{"name":"tick","decl":{"start":{"line":97,"column":11},"end":{"line":97,"column":16}},"loc":{"start":{"line":97,"column":29},"end":{"line":105,"column":null}},"line":97},"10":{"name":"(anonymous_10)","decl":{"start":{"line":109,"column":12},"end":{"line":109,"column":18}},"loc":{"start":{"line":109,"column":18},"end":{"line":109,"column":60}},"line":109},"11":{"name":"(anonymous_11)","decl":{"start":{"line":111,"column":6},"end":{"line":111,"column":12}},"loc":{"start":{"line":111,"column":12},"end":{"line":111,"column":25}},"line":111},"12":{"name":"(anonymous_12)","decl":{"start":{"line":111,"column":25},"end":{"line":111,"column":26}},"loc":{"start":{"line":111,"column":32},"end":{"line":111,"column":61}},"line":111}},"branchMap":{"0":{"loc":{"start":{"line":81,"column":34},"end":{"line":81,"column":75}},"type":"binary-expr","locations":[{"start":{"line":81,"column":34},"end":{"line":81,"column":66}},{"start":{"line":81,"column":66},"end":{"line":81,"column":75}}],"line":81},"1":{"loc":{"start":{"line":82,"column":32},"end":{"line":82,"column":73}},"type":"binary-expr","locations":[{"start":{"line":82,"column":32},"end":{"line":82,"column":64}},{"start":{"line":82,"column":64},"end":{"line":82,"column":73}}],"line":82},"2":{"loc":{"start":{"line":84,"column":28},"end":{"line":84,"column":59}},"type":"cond-expr","locations":[{"start":{"line":84,"column":44},"end":{"line":84,"column":48}},{"start":{"line":84,"column":48},"end":{"line":84,"column":59}}],"line":84},"3":{"loc":{"start":{"line":94,"column":2},"end":{"line":94,"column":null}},"type":"if","locations":[{"start":{"line":94,"column":2},"end":{"line":94,"column":null}},{"start":{},"end":{}}],"line":94},"4":{"loc":{"start":{"line":102,"column":4},"end":{"line":104,"column":null}},"type":"if","locations":[{"start":{"line":102,"column":4},"end":{"line":104,"column":null}},{"start":{},"end":{}}],"line":102},"5":{"loc":{"start":{"line":109,"column":20},"end":{"line":109,"column":59}},"type":"if","locations":[{"start":{"line":109,"column":20},"end":{"line":109,"column":59}},{"start":{},"end":{}}],"line":109},"6":{"loc":{"start":{"line":39,"column":79},"end":{"line":39,"column":111}},"type":"cond-expr","locations":[{"start":{"line":39,"column":90},"end":{"line":39,"column":111}},{"start":{"line":39,"column":90},"end":{"line":39,"column":111}}],"line":39},"7":{"loc":{"start":{"line":40,"column":18},"end":{"line":40,"column":80}},"type":"cond-expr","locations":[{"start":{"line":40,"column":18},"end":{"line":40,"column":80}},{"start":{"line":40,"column":70},"end":{"line":40,"column":80}}],"line":40}},"s":{"0":0,"1":0,"2":0,"3":0,"4":0,"5":0,"6":0,"7":0,"8":0,"9":0,"10":0,"11":0,"12":0,"13":0,"14":0,"15":0,"16":0,"17":0,"18":0,"19":0,"20":0,"21":0,"22":0,"23":0,"24":0,"25":0,"26":0,"27":0,"28":0,"29":0,"30":0,"31":0,"32":0,"33":0,"34":0,"35":0,"36":0,"37":0,"38":0,"39":0,"40":0,"41":0,"42":0,"43":0},"f":{"0":0,"1":0,"2":0,"3":0,"4":0,"5":0,"6":0,"7":0,"8":0,"9":0,"10":0,"11":0,"12":0},"b":{"0":[0,0],"1":[0,0],"2":[0,0],"3":[0,0],"4":[0,0],"5":[0,0],"6":[0,0],"7":[0,0]},"meta":{"lastBranch":8,"lastFunction":13,"lastStatement":44,"seen":{"s:71:19:71:Infinity":0,"s:46:14:46:Infinity":1,"s:64:12:64:Infinity":2,"s:65:19:65:Infinity":3,"s:66:28:66:Infinity":4,"f:66:37:66:43":0,"s:66:43:66:64":5,"s:68:15:68:Infinity":6,"f:68:24:68:30":1,"s:68:30:68:44":7,"s:69:15:69:Infinity":8,"f:69:24:69:31":2,"s:69:24:69:66":9,"s:70:22:70:Infinity":10,"f:70:31:70:37":3,"s:70:37:70:63":11,"s:73:51:79:Infinity":12,"s:81:19:81:Infinity":13,"f:81:28:81:34":4,"s:81:34:81:75":14,"b:81:34:81:66:81:66:81:75":0,"s:82:17:82:Infinity":15,"f:82:26:82:32":5,"s:82:32:82:73":16,"b:82:32:82:64:82:64:82:73":1,"s:84:24:84:Infinity":17,"b:84:44:84:48:84:48:84:59":2,"s:85:23:85:Infinity":18,"f:85:32:85:38":6,"s:85:38:85:71":19,"s:87:19:90:Infinity":20,"f:87:28:87:34":7,"s:88:12:88:Infinity":21,"s:89:2:89:Infinity":22,"s:93:0:107:Infinity":23,"f:93:10:93:16":8,"b:94:2:94:Infinity:undefined:undefined:undefined:undefined":3,"s:94:2:94:Infinity":24,"s:94:22:94:Infinity":25,"s:95:16:95:Infinity":26,"s:96:17:96:Infinity":27,"f:97:11:97:16":9,"s:98:20:98:Infinity":28,"s:99:21:99:Infinity":29,"s:100:18:100:Infinity":30,"s:101:4:101:Infinity":31,"b:102:4:104:Infinity:undefined:undefined:undefined:undefined":4,"s:102:4:104:Infinity":32,"s:103:6:103:Infinity":33,"s:106:2:106:Infinity":34,"s:109:0:109:Infinity":35,"f:109:12:109:18":10,"b:109:20:109:59:undefined:undefined:undefined:undefined":5,"s:109:20:109:59":36,"s:109:31:109:59":37,"s:111:0:111:Infinity":38,"f:111:6:111:12":11,"s:111:12:111:25":39,"f:111:25:111:26":12,"s:111:34:111:60":40,"s:38:9:38:Infinity":41,"s:39:12:39:59":42,"s:2:2:40:80":43,"b:39:90:39:111:39:90:39:111":6,"b:40:18:40:80:40:70:40:80":7}}}
,"C:\\Users\\erali\\OneDrive\\Desktop\\family\\family-care-landing\\app\\components\\app\\shared\\Skeleton.vue": {"path":"C:\\Users\\erali\\OneDrive\\Desktop\\family\\family-care-landing\\app\\components\\app\\shared\\Skeleton.vue","statementMap":{"0":{"start":{"line":2,"column":7},"end":{"line":2,"column":null}},"1":{"start":{"line":2,"column":2},"end":{"line":17,"column":67}},"2":{"start":{"line":11,"column":8},"end":{"line":11,"column":97}},"3":{"start":{"line":15,"column":6},"end":{"line":17,"column":67}}},"fnMap":{"0":{"name":"(anonymous_0)","decl":{"start":{"line":11,"column":30},"end":{"line":11,"column":33}},"loc":{"start":{"line":11,"column":21},"end":{"line":11,"column":97}},"line":11},"1":{"name":"(anonymous_1)","decl":{"start":{"line":15,"column":28},"end":{"line":15,"column":31}},"loc":{"start":{"line":15,"column":19},"end":{"line":17,"column":67}},"line":15}},"branchMap":{"0":{"loc":{"start":{"line":3,"column":20},"end":{"line":17,"column":67}},"type":"cond-expr","locations":[{"start":{"line":3,"column":24},"end":{"line":4,"column":null}},{"start":{"line":6,"column":25},"end":{"line":17,"column":67}}],"line":3},"1":{"loc":{"start":{"line":6,"column":25},"end":{"line":17,"column":67}},"type":"cond-expr","locations":[{"start":{"line":6,"column":29},"end":{"line":7,"column":null}},{"start":{"line":9,"column":25},"end":{"line":17,"column":67}}],"line":6},"2":{"loc":{"start":{"line":9,"column":25},"end":{"line":17,"column":67}},"type":"cond-expr","locations":[{"start":{"line":9,"column":29},"end":{"line":15,"column":18}},{"start":{"line":15,"column":6},"end":{"line":17,"column":67}}],"line":9},"3":{"loc":{"start":{"line":15,"column":45},"end":{"line":17,"column":67}},"type":"binary-expr","locations":[{"start":{"line":15,"column":45},"end":{"line":15,"column":null}},{"start":{"line":15,"column":45},"end":{"line":17,"column":67}}],"line":15}},"s":{"0":0,"1":0,"2":0,"3":0},"f":{"0":0,"1":0},"b":{"0":[0,0],"1":[0,0],"2":[0,0],"3":[0,0]},"meta":{"lastBranch":4,"lastFunction":2,"lastStatement":4,"seen":{"s:2:7:2:Infinity":0,"s:2:2:17:67":1,"b:3:24:4:Infinity:6:25:17:67":0,"b:6:29:7:Infinity:9:25:17:67":1,"b:9:29:15:18:15:6:17:67":2,"f:11:30:11:33":0,"s:11:8:11:97":2,"f:15:28:15:31":1,"s:15:6:17:67":3,"b:15:45:15:Infinity:15:45:17:67":3}}}
,"C:\\Users\\erali\\OneDrive\\Desktop\\family\\family-care-landing\\app\\components\\app\\shared\\StatCard.vue": {"path":"C:\\Users\\erali\\OneDrive\\Desktop\\family\\family-care-landing\\app\\components\\app\\shared\\StatCard.vue","statementMap":{"0":{"start":{"line":32,"column":14},"end":{"line":32,"column":null}},"1":{"start":{"line":50,"column":16},"end":{"line":50,"column":null}},"2":{"start":{"line":51,"column":21},"end":{"line":51,"column":null}},"3":{"start":{"line":53,"column":19},"end":{"line":58,"column":null}},"4":{"start":{"line":54,"column":2},"end":{"line":54,"column":null}},"5":{"start":{"line":54,"column":33},"end":{"line":54,"column":null}},"6":{"start":{"line":55,"column":2},"end":{"line":55,"column":null}},"7":{"start":{"line":55,"column":23},"end":{"line":55,"column":null}},"8":{"start":{"line":56,"column":2},"end":{"line":56,"column":null}},"9":{"start":{"line":56,"column":23},"end":{"line":56,"column":null}},"10":{"start":{"line":57,"column":2},"end":{"line":57,"column":null}},"11":{"start":{"line":60,"column":18},"end":{"line":63,"column":null}},"12":{"start":{"line":61,"column":2},"end":{"line":61,"column":null}},"13":{"start":{"line":61,"column":54},"end":{"line":61,"column":null}},"14":{"start":{"line":62,"column":2},"end":{"line":62,"column":null}},"15":{"start":{"line":65,"column":23},"end":{"line":73,"column":null}},"16":{"start":{"line":66,"column":41},"end":{"line":71,"column":null}},"17":{"start":{"line":72,"column":2},"end":{"line":72,"column":null}},"18":{"start":{"line":75,"column":24},"end":{"line":83,"column":null}},"19":{"start":{"line":76,"column":2},"end":{"line":76,"column":null}},"20":{"start":{"line":76,"column":31},"end":{"line":76,"column":null}},"21":{"start":{"line":77,"column":14},"end":{"line":77,"column":null}},"22":{"start":{"line":78,"column":14},"end":{"line":78,"column":null}},"23":{"start":{"line":79,"column":16},"end":{"line":79,"column":null}},"24":{"start":{"line":80,"column":2},"end":{"line":82,"column":null}},"25":{"start":{"line":81,"column":19},"end":{"line":81,"column":71}},"26":{"start":{"line":86,"column":0},"end":{"line":102,"column":null}},"27":{"start":{"line":87,"column":2},"end":{"line":87,"column":null}},"28":{"start":{"line":87,"column":22},"end":{"line":87,"column":null}},"29":{"start":{"line":88,"column":19},"end":{"line":88,"column":null}},"30":{"start":{"line":89,"column":16},"end":{"line":89,"column":null}},"31":{"start":{"line":90,"column":17},"end":{"line":90,"column":null}},"32":{"start":{"line":93,"column":20},"end":{"line":93,"column":null}},"33":{"start":{"line":94,"column":21},"end":{"line":94,"column":null}},"34":{"start":{"line":95,"column":18},"end":{"line":95,"column":null}},"35":{"start":{"line":96,"column":4},"end":{"line":96,"column":null}},"36":{"start":{"line":97,"column":4},"end":{"line":99,"column":null}},"37":{"start":{"line":98,"column":6},"end":{"line":98,"column":null}},"38":{"start":{"line":101,"column":2},"end":{"line":101,"column":null}},"39":{"start":{"line":104,"column":0},"end":{"line":106,"column":null}},"40":{"start":{"line":105,"column":2},"end":{"line":105,"column":null}},"41":{"start":{"line":105,"column":13},"end":{"line":105,"column":null}},"42":{"start":{"line":108,"column":0},"end":{"line":110,"column":null}},"43":{"start":{"line":108,"column":12},"end":{"line":108,"column":25}},"44":{"start":{"line":109,"column":2},"end":{"line":109,"column":null}},"45":{"start":{"line":3,"column":9},"end":{"line":3,"column":null}},"46":{"start":{"line":12,"column":9},"end":{"line":12,"column":null}},"47":{"start":{"line":15,"column":9},"end":{"line":15,"column":36}},"48":{"start":{"line":2,"column":2},"end":{"line":24,"column":null}}},"fnMap":{"0":{"name":"(anonymous_0)","decl":{"start":{"line":53,"column":28},"end":{"line":53,"column":34}},"loc":{"start":{"line":53,"column":34},"end":{"line":58,"column":1}},"line":53},"1":{"name":"(anonymous_1)","decl":{"start":{"line":60,"column":27},"end":{"line":60,"column":33}},"loc":{"start":{"line":60,"column":33},"end":{"line":63,"column":1}},"line":60},"2":{"name":"(anonymous_2)","decl":{"start":{"line":65,"column":32},"end":{"line":65,"column":38}},"loc":{"start":{"line":65,"column":38},"end":{"line":73,"column":1}},"line":65},"3":{"name":"(anonymous_3)","decl":{"start":{"line":75,"column":33},"end":{"line":75,"column":39}},"loc":{"start":{"line":75,"column":39},"end":{"line":83,"column":1}},"line":75},"4":{"name":"(anonymous_4)","decl":{"start":{"line":81,"column":9},"end":{"line":81,"column":10}},"loc":{"start":{"line":81,"column":19},"end":{"line":81,"column":71}},"line":81},"5":{"name":"(anonymous_5)","decl":{"start":{"line":86,"column":10},"end":{"line":86,"column":16}},"loc":{"start":{"line":86,"column":16},"end":{"line":102,"column":1}},"line":86},"6":{"name":"tick","decl":{"start":{"line":92,"column":11},"end":{"line":92,"column":16}},"loc":{"start":{"line":92,"column":29},"end":{"line":100,"column":null}},"line":92},"7":{"name":"(anonymous_7)","decl":{"start":{"line":104,"column":12},"end":{"line":104,"column":18}},"loc":{"start":{"line":104,"column":18},"end":{"line":106,"column":1}},"line":104},"8":{"name":"(anonymous_8)","decl":{"start":{"line":108,"column":6},"end":{"line":108,"column":12}},"loc":{"start":{"line":108,"column":12},"end":{"line":108,"column":25}},"line":108},"9":{"name":"(anonymous_9)","decl":{"start":{"line":108,"column":25},"end":{"line":108,"column":26}},"loc":{"start":{"line":108,"column":37},"end":{"line":110,"column":1}},"line":108}},"branchMap":{"0":{"loc":{"start":{"line":51,"column":25},"end":{"line":51,"column":56}},"type":"cond-expr","locations":[{"start":{"line":51,"column":41},"end":{"line":51,"column":45}},{"start":{"line":51,"column":45},"end":{"line":51,"column":56}}],"line":51},"1":{"loc":{"start":{"line":54,"column":2},"end":{"line":54,"column":null}},"type":"if","locations":[{"start":{"line":54,"column":2},"end":{"line":54,"column":null}},{"start":{},"end":{}}],"line":54},"2":{"loc":{"start":{"line":55,"column":2},"end":{"line":55,"column":null}},"type":"if","locations":[{"start":{"line":55,"column":2},"end":{"line":55,"column":null}},{"start":{},"end":{}}],"line":55},"3":{"loc":{"start":{"line":56,"column":2},"end":{"line":56,"column":null}},"type":"if","locations":[{"start":{"line":56,"column":2},"end":{"line":56,"column":null}},{"start":{},"end":{}}],"line":56},"4":{"loc":{"start":{"line":61,"column":2},"end":{"line":61,"column":null}},"type":"if","locations":[{"start":{"line":61,"column":2},"end":{"line":61,"column":null}},{"start":{},"end":{}}],"line":61},"5":{"loc":{"start":{"line":61,"column":6},"end":{"line":61,"column":54}},"type":"binary-expr","locations":[{"start":{"line":61,"column":6},"end":{"line":61,"column":35}},{"start":{"line":61,"column":35},"end":{"line":61,"column":54}}],"line":61},"6":{"loc":{"start":{"line":62,"column":9},"end":{"line":62,"column":null}},"type":"cond-expr","locations":[{"start":{"line":62,"column":27},"end":{"line":62,"column":53}},{"start":{"line":62,"column":53},"end":{"line":62,"column":null}}],"line":62},"7":{"loc":{"start":{"line":76,"column":2},"end":{"line":76,"column":null}},"type
[...]
:{"start":{"line":43,"column":18},"end":{"line":43,"column":null}},"22":{"start":{"line":46,"column":14},"end":{"line":46,"column":null}},"23":{"start":{"line":47,"column":32},"end":{"line":52,"column":null}},"24":{"start":{"line":54,"column":8},"end":{"line":54,"column":null}},"25":{"start":{"line":54,"column":19},"end":{"line":54,"column":null}},"26":{"start":{"line":57,"column":8},"end":{"line":57,"column":null}},"27":{"start":{"line":62,"column":23},"end":{"line":62,"column":null}},"28":{"start":{"line":64,"column":30},"end":{"line":72,"column":null}},"29":{"start":{"line":74,"column":6},"end":{"line":77,"column":null}},"30":{"start":{"line":75,"column":20},"end":{"line":75,"column":null}},"31":{"start":{"line":75,"column":51},"end":{"line":75,"column":66}},"32":{"start":{"line":76,"column":8},"end":{"line":76,"column":null}},"33":{"start":{"line":76,"column":22},"end":{"line":76,"column":null}},"34":{"start":{"line":78,"column":6},"end":{"line":78,"column":null}},"35":{"start":{"line":82,"column":23},"end":{"line":82,"column":null}},"36":{"start":{"line":84,"column":30},"end":{"line":89,"column":null}},"37":{"start":{"line":91,"column":6},"end":{"line":94,"column":null}},"38":{"start":{"line":92,"column":20},"end":{"line":92,"column":null}},"39":{"start":{"line":92,"column":51},"end":{"line":92,"column":66}},"40":{"start":{"line":93,"column":8},"end":{"line":93,"column":null}},"41":{"start":{"line":93,"column":22},"end":{"line":93,"column":null}},"42":{"start":{"line":95,"column":6},"end":{"line":95,"column":null}}},"fnMap":{"0":{"name":"(anonymous_0)","decl":{"start":{"line":11,"column":9},"end":{"line":11,"column":35}},"loc":{"start":{"line":11,"column":35},"end":{"line":15,"column":null}},"line":11},"1":{"name":"(anonymous_1)","decl":{"start":{"line":18,"column":25},"end":{"line":18,"column":26}},"loc":{"start":{"line":18,"column":36},"end":{"line":18,"column":null}},"line":18},"2":{"name":"(anonymous_2)","decl":{"start":{"line":18,"column":63},"end":{"line":18,"column":68}},"loc":{"start":{"line":18,"column":68},"end":{"line":18,"column":79}},"line":18},"3":{"name":"(anonymous_3)","decl":{"start":{"line":19,"column":18},"end":{"line":19,"column":19}},"loc":{"start":{"line":19,"column":29},"end":{"line":19,"column":null}},"line":19},"4":{"name":"(anonymous_4)","decl":{"start":{"line":19,"column":53},"end":{"line":19,"column":58}},"loc":{"start":{"line":19,"column":58},"end":{"line":19,"column":80}},"line":19},"5":{"name":"(anonymous_5)","decl":{"start":{"line":20,"column":20},"end":{"line":20,"column":21}},"loc":{"start":{"line":20,"column":31},"end":{"line":20,"column":null}},"line":20},"6":{"name":"(anonymous_6)","decl":{"start":{"line":20,"column":55},"end":{"line":20,"column":60}},"loc":{"start":{"line":20,"column":60},"end":{"line":20,"column":84}},"line":20},"7":{"name":"(anonymous_7)","decl":{"start":{"line":21,"column":17},"end":{"line":21,"column":18}},"loc":{"start":{"line":21,"column":28},"end":{"line":21,"column":null}},"line":21},"8":{"name":"(anonymous_8)","decl":{"start":{"line":21,"column":52},"end":{"line":21,"column":57}},"loc":{"start":{"line":21,"column":57},"end":{"line":21,"column":78}},"line":21},"9":{"name":"(anonymous_9)","decl":{"start":{"line":22,"column":22},"end":{"line":22,"column":23}},"loc":{"start":{"line":22,"column":33},"end":{"line":27,"column":null}},"line":22},"10":{"name":"(anonymous_10)","decl":{"start":{"line":25,"column":48},"end":{"line":25,"column":53}},"loc":{"start":{"line":25,"column":53},"end":{"line":25,"column":77}},"line":25},"11":{"name":"(anonymous_11)","decl":{"start":{"line":31,"column":10},"end":{"line":31,"column":29}},"loc":{"start":{"line":31,"column":47},"end":{"line":59,"column":null}},"line":31},"12":{"name":"(anonymous_12)","decl":{"start":{"line":61,"column":10},"end":{"line":61,"column":22}},"loc":{"start":{"line":61,"column":38},"end":{"line":79,"column":null}},"line":61},"13":{"name":"(anonymous_13)","decl":{"start":{"line":75,"column":46},"end":{"line":75,"column":51}},"loc":{"start":{"line":75,"column":51},"end":{"line":75,"column":66}},"line":75},"14":{"name":"(anonymous_14)","decl":{"start":{"line":81,"column":10},"end":{"line":81,"column":19}},"loc":{"start":{"line":81,"column":35},"end":{"line":96,"column":null}},"line":81},"15":{"name":"(anonymous_15)","decl":{"start":{"line":92,"column":46},"end":{"line":92,"column":51}},"loc":{"start":{"line":92,"column":51},"end":{"line":92,"column":66}},"line":92}},"branchMap":{"0":{"loc":{"start":{"line":24,"column":6},"end":{"line":24,"column":null}},"type":"if","locations":[{"start":{"line":24,"column":6},"end":{"line":24,"column":null}},{"start":{},"end":{}}],"line":24},"1":{"loc":{"start":{"line":43,"column":8},"end":{"line":43,"column":null}},"type":"if","locations":[{"start":{"line":43,"column":8},"end":{"line":43,"column":null}},{"start":{},"end":{}}],"line":43},"2":{"loc":{"start":{"line":54,"column":8},"end":{"line":54,"column":null}},"type":"if","locations":[{"start":{"line":54,"column":8},"end":{"line":54,"column":null}},{"start":{},"end":{}}],"line":54},"3":{"loc":{"start":{"line":74,"column":6},"end":{"line":77,"column":null}},"type":"if","locations":[{"start":{"line":74,"column":6},"end":{"line":77,"column":null}},{"start":{},"end":{}}],"line":74},"4":{"loc":{"start":{"line":74,"column":10},"end":{"line":74,"column":26}},"type":"binary-expr","locations":[{"start":{"line":74,"column":10},"end":{"line":74,"column":20}},{"start":{"line":74,"column":20},"end":{"line":74,"column":26}}],"line":74},"5":{"loc":{"start":{"line":76,"column":8},"end":{"line":76,"column":null}},"type":"if","locations":[{"start":{"line":76,"column":8},"end":{"line":76,"column":null}},{"start":{},"end":{}}],"line":76},"6":{"loc":{"start":{"line":91,"column":6},"end":{"line":94,"column":null}},"type":"if","locations":[{"start":{"line":91,"column":6},"end":{"line":94,"column":null}},{"start":{},"end":{}}],"line":91},"7":{"loc":{"start":{"line":91,"column":10},"end":{"line":91,"column":26}},"type":"binary-expr","locations":[{"start":{"line":91,"column":10},"end":{"line":91,"column":20}},{"start":{"line":91,"column":20},"end":{"line":91,"column":26}}],"line":91},"8":{"loc":{"start":{"line":93,"column":8},"end":{"line":93,"column":null}},"type":"if","locations":[{"start":{"line":93,"column":8},"end":{"line":93,"column":null}},{"start":{},"end":{}}],"line":93}},"s":{"0":0,"1":0,"2":0,"3":0,"4":0,"5":0,"6":0,"7":0,"8":0,"9":0,"10":0,"11":0,"12":0,"13":0,"14":0,"15":0,"16":0,"17":0,"18":0,"19":0,"20":0,"21":0,"22":0,"23":0,"24":0,"25":0,"26":0,"27":0,"28":0,"29":0,"30":0,"31":0,"32":0,"33":0,"34":0,"35":0,"36":0,"37":0,"38":0,"39":0,"40":0,"41":0,"42":0},"f":{"0":0,"1":0,"2":0,"3":0,"4":0,"5":0,"6":0,"7":0,"8":0,"9":0,"10":0,"11":0,"12":0,"13":0,"14":0,"15":0},"b":{"0":[0,0],"1":[0,0],"2":[0,0],"3":[0,0],"4":[0,0],"5":[0,0],"6":[0,0],"7":[0,0],"8":[0,0]},"meta":{"lastBranch":9,"lastFunction":16,"lastStatement":43,"seen":{"s:10:13:98:Infinity":0,"f:11:9:11:35":0,"s:11:35:15:Infinity":1,"f:18:25:18:26":1,"s:18:36:18:Infinity":2,"f:18:63:18:68":2,"s:18:68:18:79":3,"f:19:18:19:19":3,"s:19:29:19:Infinity":4,"f:19:53:19:58":4,"s:19:58:19:80":5,"f:20:20:20:21":5,"s:20:31:20:Infinity":6,"f:20:55:20:60":6,"s:20:60:20:84":7,"f:21:17:21:18":7,"s:21:28:21:Infinity":8,"f:21:52:21:57":8,"s:21:57:21:78":9,"f:22:22:22:23":9,"s:23:20:23:Infinity":10,"b:24:6:24:Infinity:undefined:undefined:undefined:undefined":0,"s:24:6:24:Infinity":11,"s:24:23:24:Infinity":12,"s:25:24:25:Infinity":13,"f:25:48:25:53":10,"s:25:53:25:77":14,"s:26:6:26:Infinity":15,"f:31:10:31:29":11,"s:32:6:32:Infinity":16,"s:33:6:58:Infinity":17,"s:34:25:34:Infinity":18,"s:36:25:41:Infinity":19,"b:43:8:43:Infinity:undefined:undefined:undefined:undefined":1,"s:43:8:43:Infinity":20,"s:43:18:43:Infinity":21,"s:46:14:46:Infinity":22,"s:47:32:52:Infinity":23,"b:54:8:54:Infinity:undefined:undefined:undefined:undefined":2,"s:54:8:54:Infinity":24,"s:54:19:54:Infinity":25,"s:57:8:57:Infinity":26,"f:61:10:61:22":12,"s:62:23:62:Infinity":27,"s:64:30:72:Infinity":28,"b:74:6:77:Infinity:undefined:undefined:undefined:undefined":3,"s:74:6:77:Infinity":29,"b:74:10:74:20:74:20:74:26":4,"s:75:20:75:Infinity":30,"f:75:46:75:51":13,"s:75:51:75:66":31,"b:76:8:76:Infinity:undefined:undefined:undefined:undefined":5,"s:76:8:76:Infinity":32,"s:76:22:76:Infinity":33,"s:78:6:78:Infinity":34,"f:81:10:81:19":14,"s:82:23:82:Infinity":35,"s:84:30:89:Infinity":36,"b:91:6:94:Infinity:undefined:undefined:undefined:undefined":6,"s:91:6:94:Infinity":37,"b:91:10:91:20:91:20:91:26":7,"s:92:20:92:Infinity":38,"f:92:46:92:51":15,"s:92:51:92:66":39,"b:93:8:93:Infinity:undefined:undefined:undefined:undefined":8,"s:93:8:93:Infinity":40,"s:93:22:93:Infinity":41,"s:95:6:95:Infinity":42}}}
,"C:\\Users\\erali\\OneDrive\\Desktop\\family\\family-care-landing\\app\\utils\\constants.ts": {"path":"C:\\Users\\erali\\OneDrive\\Desktop\\family\\family-care-landing\\app\\utils\\constants.ts","statementMap":{"0":{"start":{"line":4,"column":40},"end":{"line":4,"column":null}},"1":{"start":{"line":7,"column":45},"end":{"line":7,"column":null}},"2":{"start":{"line":10,"column":40},"end":{"line":10,"column":null}},"3":{"start":{"line":13,"column":39},"end":{"line":13,"column":null}},"4":{"start":{"line":16,"column":39},"end":{"line":16,"column":null}},"5":{"start":{"line":19,"column":58},"end":{"line":24,"column":null}},"6":{"start":{"line":27,"column":53},"end":{"line":40,"column":null}},"7":{"start":{"line":43,"column":39},"end":{"line":59,"column":null}},"8":{"start":{"line":62,"column":30},"end":{"line":73,"column":null}},"9":{"start":{"line":76,"column":31},"end":{"line":76,"column":null}},"10":{"start":{"line":79,"column":35},"end":{"line":103,"column":null}}},"fnMap":{},"branchMap":{},"s":{"0":21,"1":21,"2":21,"3":21,"4":21,"5":21,"6":21,"7":21,"8":21,"9":21,"10":21},"f":{},"b":{},"meta":{"lastBranch":0,"lastFunction":0,"lastStatement":11,"seen":{"s:4:40:4:Infinity":0,"s:7:45:7:Infinity":1,"s:10:40:10:Infinity":2,"s:13:39:13:Infinity":3,"s:16:39:16:Infinity":4,"s:19:58:24:Infinity":5,"s:27:53:40:Infinity":6,"s:43:39:59:Infinity":7,"s:62:30:73:Infinity":8,"s:76:31:76:Infinity":9,"s:79:35:103:Infinity":10}}}
,"C:\\Users\\erali\\OneDrive\\Desktop\\family\\family-care-landing\\app\\utils\\formatters.ts": {"path":"C:\\Users\\erali\\OneDrive\\Desktop\\family\\family-care-landing\\app\\utils\\formatters.ts","statementMap":{"0":{"start":{"line":5,"column":0},"end":{"line":5,"column":null}},"1":{"start":{"line":6,"column":0},"end":{"line":6,"column":null}},"2":{"start":{"line":9,"column":2},"end":{"line":9,"column":null}},"3":{"start":{"line":13,"column":2},"end":{"line":13,"column":null}},"4":{"start":{"line":17,"column":2},"end":{"line":17,"column":null}},"5":{"start":{"line":21,"column":8},"end":{"line":21,"column":null}},"6":{"start":{"line":22,"column":8},"end":{"line":22,"column":null}},"7":{"start":{"line":23,"column":17},"end":{"line":23,"column":null}},"8":{"start":{"line":24,"column":15},"end":{"line":24,"column":null}},"9":{"start":{"line":26,"column":2},"end":{"line":30,"column":null}},"10":{"start":{"line":27,"column":18},"end":{"line":27,"column":null}},"11":{"start":{"line":28,"column":22},"end":{"line":28,"column":null}},"12":{"start":{"line":29,"column":4},"end":{"line":29,"column":null}},"13":{"start":{"line":31,"column":2},"end":{"line":33,"column":null}},"14":{"start":{"line":32,"column":4},"end":{"line":32,"column":null}},"15":{"start":{"line":34,"column":2},"end":{"line":34,"column":null}},"16":{"start":{"line":38,"column":8},"end":{"line":38,"column":null}},"17":{"start":{"line":39,"column":8},"end":{"line":39,"column":null}},"18":{"start":{"line":40,"column":20},"end":{"line":40,"column":null}},"19":{"start":{"line":41,"column":16},"end":{"line":41,"column":null}},"20":{"start":{"line":42,"column":15},"end":{"line":42,"column":null}},"21":{"start":{"line":43,"column":2},"end":{"line":43,"column":null}},"22":{"start":{"line":47,"column":2},"end":{"line":47,"column":null}},"23":{"start":{"line":51,"column":2},"end":{"line":51,"column":null}},"24":{"start":{"line":55,"column":2},"end":{"line":55,"column":null}},"25":{"start":{"line":59,"column":18},"end":{"line":59,"column":null}},"26":{"start":{"line":60,"column":2},"end":{"line":62,"column":null}},"27":{"start":{"line":61,"column":4},"end":{"line":61,"column":null}},"28":{"start":{"line":63,"column":2},"end":{"line":63,"column":null}},"29":{"start":{"line":67,"column":2},"end":{"line":67,"column":null}},"30":{"start":{"line":67,"column":31},"end":{"line":67,"column":null}},"31":{"start":{"line":68,"column":2},"end":{"line":68,"column":null}}},"fnMap":{"0":{"name":"formatDate","decl":{"start":{"line":8,"column":16},"end":{"line":8,"column":27}},"loc":{"start":{"line":8,"column":80},"end":{"line":10,"column":null}},"line":8},"1":{"name":"formatDateTime","decl":{"start":{"line":12,"column":16},"end":{"line":12,"column":31}},"loc":{"start":{"line":12,"column":60},"end":{"line":14,"column":null}},"line":12},"2":{"name":"formatRelative","decl":{"start":{"line":16,"column":16},"end":{"line":16,"column":31}},"loc":{"start":{"line":16,"column":60},"end":{"line":18,"column":null}},"line":16},"3":{"name":"formatAge","decl":{"start":{"line":20,"column":16},"end":{"line":20,"column":26}},"loc":{"start":{"line":20,"column":54},"end":{"line":35,"column":null}},"line":20},"4":{"name":"formatGestationalWeek","decl":{"start":{"line":37,"column":16},"end":{"line":37,"column":38}},"loc":{"start":{"line":37,"column":70},"end":{"line":44,"column":null}},"line":37},"5":{"name":"calculateEDD","decl":{"start":{"line":46,"column":16},"end":{"line":46,"column":29}},"loc":{"start":{"line":46,"column":61},"end":{"line":48,"column":null}},"line":46},"6":{"name":"formatCurrency","decl":{"start":{"line":50,"column":16},"end":{"line":50,"column":31}},"loc":{"start":{"line":50,"column":71},"end":{"line":52,"column":null}},"line":50},"7":{"name":"formatPercent","decl":{"start":{"line":54,"column":16},"end":{"line":54,"column":30}},"loc":{"start":{"line":54,"column":67},"end":{"line":56,"column":null}},"line":54},"8":{"name":"formatPhone","decl":{"start":{"line":58,"column":16},"end":{"line":58,"column":28}},"loc":{"start":{"line":58,"column":51},"end":{"line":64,"column":null}},"line":58},"9":{"name":"truncate","decl":{"start":{"line":66,"column":16},"end":{"line":66,"column":25}},"loc":{"start":{"line":66,"column":65},"end":{"line":69,"column":null}},"line":66}},"branchMap":{"0":{"loc":{"start":{"line":8,"column":48},"end":{"line":8,"column":80}},"type":"default-arg","locations":[{"start":{"line":8,"column":57},"end":{"line":8,"column":80}}],"line":8},"1":{"loc":{"start":{"line":26,"column":2},"end":{"line":30,"column":null}},"type":"if","locations":[{"start":{"line":26,"column":2},"end":{"line":30,"column":null}},{"start":{},"end":{}}],"line":26},"2":{"loc":{"start":{"line":29,"column":11},"end":{"line":29,"column":null}},"type":"cond-expr","locations":[{"start":{"line":29,"column":27},"end":{"line":29,"column":59}},{"start":{"line":29,"column":59},"end":{"line":29,"column":null}}],"line":29},"3":{"loc":{"start":{"line":31,"column":2},"end":{"line":33,"column":null}},"type":"if","locations":[{"start":{"line":31,"column":2},"end":{"line":33,"column":null}},{"start":{},"end":{}}],"line":31},"4":{"loc":{"start":{"line":32,"column":11},"end":{"line":32,"column":null}},"type":"cond-expr","locations":[{"start":{"line":32,"column":22},"end":{"line":32,"column":51}},{"start":{"line":32,"column":51},"end":{"line":32,"column":null}}],"line":32},"5":{"loc":{"start":{"line":50,"column":47},"end":{"line":50,"column":71}},"type":"default-arg","locations":[{"start":{"line":50,"column":58},"end":{"line":50,"column":71}}],"line":50},"6":{"loc":{"start":{"line":54,"column":45},"end":{"line":54,"column":67}},"type":"default-arg","locations":[{"start":{"line":54,"column":56},"end":{"line":54,"column":67}}],"line":54},"7":{"loc":{"start":{"line":60,"column":2},"end":{"line":62,"column":null}},"type":"if","locations":[{"start":{"line":60,"column":2},"end":{"line":62,"column":null}},{"start":{},"end":{}}],"line":60},"8":{"loc":{"start":{"line":60,"column":6},"end":{"line":60,"column":56}},"type":"binary-expr","locations":[{"start":{"line":60,"column":6},"end":{"line":60,"column":31}},{"start":{"line":60,"column":31},"end":{"line":60,"column":56}}],"line":60},"9":{"loc":{"start":{"line":67,"column":2},"end":{"line":67,"column":null}},"type":"if","locations":[{"start":{"line":67,"column":2},"end":{"line":67,"column":null}},{"start":{},"end":{}}],"line":67}},"s":{"0":1,"1":1,"2":1,"3":0,"4":0,"5":3,"6":3,"7":3,"8":3,"9":3,"10":1,"11":1,"12":1,"13":2,"14":1,"15":1,"16":1,"17":1,"18":1,"19":1,"20":1,"21":1,"22":1,"23":6,"24":2,"25":3,"26":3,"27":2,"28":1,"29":3,"30":2,"31":1},"f":{"0":1,"1":0,"2":0,"3":3,"4":1,"5":1,"6":6,"7":2,"8":3,"9":3},"b":{"0":[1],"1":[1,2],"2":[1,0],"3":[1,1],"4":[0,1],"5":[6],"6":[2],"7":[2,1],"8":[3,2],"9":[2,1]},"meta":{"lastBranch":10,"lastFunction":10,"lastStatement":32,"seen":{"s:5:0:5:Infinity":0,"s:6:0:6:Infinity":1,"f:8:16:8:27":0,"b:8:57:8:80":0,"s:9:2:9:Infinity":2,"f:12:16:12:31":1,"s:13:2:13:Infinity":3,"f:16:16:16:31":2,"s:17:2:17:Infinity":4,"f:20:16:20:26":3,"s:21:8:21:Infinity":5,"s:22:8:22:Infinity":6,"s:23:17:23:Infinity":7,"s:24:15:24:Infinity":8,"b:26:2:30:Infinity:undefined:undefined:undefined:undefined":1,"s:26:2:30:Infinity":9,"s:27:18:27:Infinity":10,"s:28:22:28:Infinity":11,"s:29:4:29:Infinity":12,"b:29:27:29:59:29:59:29:Infinity":2,"b:31:2:33:Infinity:undefined:undefined:undefined:undefined":3,"s:31:2:33:Infinity":13,"s:32:4:32:Infinity":14,"b:32:22:32:51:32:51:32:Infinity":4,"s:34:2:34:Infinity":15,"f:37:16:37:38":4,"s:38:8:38:Infinity":16,"s:39:8:39:Infinity":17,"s:40:20:40:Infinity":18,"s:41:16:41:Infinity":19,"s:42:15:42:Infinity":20,"s:43:2:43:Infinity":21,"f:46:16:46:29":5,"s:47:2:47:Infinity":22,"f:50:16:50:31":6,"b:50:58:50:71":5,"s:51:2:51:Infinity":23,"f:54:16:54:30":7,"b:54:56:54:67":6,"s:55:2:55:Infinity":24,"f:58:16:58:28":8,"s:59:18:59:Infinity":25,"b:60:2:62:Infinity:undefined:undefined:undefined:undefined":7,"s:60:2:62:Infinity":26,"b:60:6:60:31:60:31:60:56":8,"s:61:4:61:Infinity":27,"s:63:2:63:Infinity":28,"f:66:16:66:25":9,"b:67:2:67:Infinity:undefined:undefined:undefined:undefined":9,"s:67:2:67:Infinity":29,"s:67:31:67:Infinity":30,"s:68:2:68:Infinity":31}}}
,"C:\\Users\\erali\\OneDrive\\Desktop\\family\\family-care-landing\\app\\utils\\validators.ts": {"path":"C:\\Users\\erali\\OneDrive\\Desktop\\family\\family-care-landing\\app\\utils\\validators.ts","statementMap":{"0":{"start":{"line":3,"column":27},"end":{"line":6,"column":null}},"1":{"start":{"line":8,"column":30},"end":{"line":18,"column":null}},"2":{"start":{"line":15,"column":18},"end":{"line":15,"column":58}},"3":{"start":{"line":20,"column":36},"end":{"line":22,"column":null}},"4":{"start":{"line":24,"column":34},"end":{"line":32,"column":null}},"5":{"start":{"line":34,"column":35},"end":{"line":39,"column":null}},"6":{"start":{"line":41,"column":33},"end":{"line":46,"column":null}},"7":{"start":{"line":48,"column":34},"end":{"line":56,"column":null}},"8":{"start":{"line":58,"column":29},"end":{"line":61,"column":null}},"9":{"start":{"line":63,"column":32},"end":{"line":66,"column":null}},"10":{"start":{"line":68,"column":30},"end":{"line":74,"column":null}}},"fnMap":{"0":{"name":"(anonymous_0)","decl":{"start":{"line":15,"column":10},"end":{"line":15,"column":18}},"loc":{"start":{"line":15,"column":18},"end":{"line":15,"column":58}},"line":15}},"branchMap":{},"s":{"0":1,"1":1,"2":4,"3":1,"4":1,"5":1,"6":1,"7":1,"8":1,"9":1,"10":1},"f":{"0":4},"b":{},"meta":{"lastBranch":0,"lastFunction":1,"lastStatement":11,"seen":{"s:3:27:6:Infinity":0,"s:8:30:18:Infinity":1,"f:15:10:15:18":0,"s:15:18:15:58":2,"s:20:36:22:Infinity":3,"s:24:34:32:Infinity":4,"s:34:35:39:Infinity":5,"s:41:33:46:Infinity":6,"s:48:34:56:Infinity":7,"s:58:29:61:Infinity":8,"s:63:32:66:Infinity":9,"s:68:30:74:Infinity":10}}}
}
